2023-12-10 17:21:52,465|direct_air_capture|INFO|empty|image|SSP2-Base|2020|carbon dioxide compression, transport and storage|RER||||
2023-12-10 17:21:52,466|direct_air_capture|INFO|created|image|SSP2-Base|2020|carbon dioxide compression, transport and storage|BRA||||
2023-12-10 17:21:52,466|direct_air_capture|INFO|created|image|SSP2-Base|2020|carbon dioxide compression, transport and storage|CAN||||
2023-12-10 17:21:52,466|direct_air_capture|INFO|created|image|SSP2-Base|2020|carbon dioxide compression, transport and storage|CEU||||
2023-12-10 17:21:52,466|direct_air_capture|INFO|created|image|SSP2-Base|2020|carbon dioxide compression, transport and storage|CHN||||
2023-12-10 17:21:52,466|direct_air_capture|INFO|created|image|SSP2-Base|2020|carbon dioxide compression, transport and storage|EAF||||
2023-12-10 17:21:52,466|direct_air_capture|INFO|created|image|SSP2-Base|2020|carbon dioxide compression, transport and storage|INDIA||||
2023-12-10 17:21:52,466|direct_air_capture|INFO|created|image|SSP2-Base|2020|carbon dioxide compression, transport and storage|INDO||||
2023-12-10 17:21:52,466|direct_air_capture|INFO|created|image|SSP2-Base|2020|carbon dioxide compression, transport and storage|JAP||||
2023-12-10 17:21:52,466|direct_air_capture|INFO|created|image|SSP2-Base|2020|carbon dioxide compression, transport and storage|KOR||||
2023-12-10 17:21:52,466|direct_air_capture|INFO|created|image|SSP2-Base|2020|carbon dioxide compression, transport and storage|ME||||
2023-12-10 17:21:52,466|direct_air_capture|INFO|created|image|SSP2-Base|2020|carbon dioxide compression, transport and storage|MEX||||
2023-12-10 17:21:52,466|direct_air_capture|INFO|created|image|SSP2-Base|2020|carbon dioxide compression, transport and storage|NAF||||
2023-12-10 17:21:52,466|direct_air_capture|INFO|created|image|SSP2-Base|2020|carbon dioxide compression, transport and storage|OCE||||
2023-12-10 17:21:52,466|direct_air_capture|INFO|created|image|SSP2-Base|2020|carbon dioxide compression, transport and storage|RCAM||||
2023-12-10 17:21:52,466|direct_air_capture|INFO|created|image|SSP2-Base|2020|carbon dioxide compression, transport and storage|RSAF||||
2023-12-10 17:21:52,466|direct_air_capture|INFO|created|image|SSP2-Base|2020|carbon dioxide compression, transport and storage|RSAM||||
2023-12-10 17:21:52,466|direct_air_capture|INFO|created|image|SSP2-Base|2020|carbon dioxide compression, transport and storage|RSAS||||
2023-12-10 17:21:52,466|direct_air_capture|INFO|created|image|SSP2-Base|2020|carbon dioxide compression, transport and storage|RUS||||
2023-12-10 17:21:52,466|direct_air_capture|INFO|created|image|SSP2-Base|2020|carbon dioxide compression, transport and storage|SAF||||
2023-12-10 17:21:52,466|direct_air_capture|INFO|created|image|SSP2-Base|2020|carbon dioxide compression, transport and storage|SEAS||||
2023-12-10 17:21:52,466|direct_air_capture|INFO|created|image|SSP2-Base|2020|carbon dioxide compression, transport and storage|STAN||||
2023-12-10 17:21:52,466|direct_air_capture|INFO|created|image|SSP2-Base|2020|carbon dioxide compression, transport and storage|TUR||||
2023-12-10 17:21:52,466|direct_air_capture|INFO|created|image|SSP2-Base|2020|carbon dioxide compression, transport and storage|UKR||||
2023-12-10 17:21:52,466|direct_air_capture|INFO|created|image|SSP2-Base|2020|carbon dioxide compression, transport and storage|USA||||
2023-12-10 17:21:52,466|direct_air_capture|INFO|created|image|SSP2-Base|2020|carbon dioxide compression, transport and storage|WAF||||
2023-12-10 17:21:52,466|direct_air_capture|INFO|created|image|SSP2-Base|2020|carbon dioxide compression, transport and storage|WEU||||
2023-12-10 17:21:52,466|direct_air_capture|INFO|created|image|SSP2-Base|2020|carbon dioxide compression, transport and storage|World||||
2023-12-10 17:21:52,644|direct_air_capture|INFO|empty|image|SSP2-Base|2020|carbon dioxide, captured from atmosphere, with a solvent-based direct air capture system, 1MtCO2|RER||||
2023-12-10 17:21:52,786|direct_air_capture|INFO|created|image|SSP2-Base|2020|carbon dioxide, captured from atmosphere, with a solvent-based direct air capture system, 1MtCO2, with waste heat, and grid electricity|BRA|1.0|1.0|7.522|7.522
2023-12-10 17:21:52,786|direct_air_capture|INFO|created|image|SSP2-Base|2020|carbon dioxide, captured from atmosphere, with a solvent-based direct air capture system, 1MtCO2, with waste heat, and grid electricity|CAN|1.0|1.0|7.522|7.522
2023-12-10 17:21:52,786|direct_air_capture|INFO|created|image|SSP2-Base|2020|carbon dioxide, captured from atmosphere, with a solvent-based direct air capture system, 1MtCO2, with waste heat, and grid electricity|CEU|1.0|1.0|7.521999999999999|7.521999999999999
2023-12-10 17:21:52,786|direct_air_capture|INFO|created|image|SSP2-Base|2020|carbon dioxide, captured from atmosphere, with a solvent-based direct air capture system, 1MtCO2, with waste heat, and grid electricity|CHN|1.0|1.0|7.522|7.522
2023-12-10 17:21:52,786|direct_air_capture|INFO|created|image|SSP2-Base|2020|carbon dioxide, captured from atmosphere, with a solvent-based direct air capture system, 1MtCO2, with waste heat, and grid electricity|EAF|1.0|1.0|7.522|7.522
2023-12-10 17:21:52,786|direct_air_capture|INFO|created|image|SSP2-Base|2020|carbon dioxide, captured from atmosphere, with a solvent-based direct air capture system, 1MtCO2, with waste heat, and grid electricity|INDIA|1.0|1.0|7.522|7.522
2023-12-10 17:21:52,786|direct_air_capture|INFO|created|image|SSP2-Base|2020|carbon dioxide, captured from atmosphere, with a solvent-based direct air capture system, 1MtCO2, with waste heat, and grid electricity|INDO|1.0|1.0|7.522|7.522
2023-12-10 17:21:52,786|direct_air_capture|INFO|created|image|SSP2-Base|2020|carbon dioxide, captured from atmosphere, with a solvent-based direct air capture system, 1MtCO2, with waste heat, and grid electricity|JAP|1.0|1.0|7.522|7.522
2023-12-10 17:21:52,786|direct_air_capture|INFO|created|image|SSP2-Base|2020|carbon dioxide, captured from atmosphere, with a solvent-based direct air capture system, 1MtCO2, with waste heat, and grid electricity|KOR|1.0|1.0|7.522|7.522
2023-12-10 17:21:52,786|direct_air_capture|INFO|created|image|SSP2-Base|2020|carbon dioxide, captured from atmosphere, with a solvent-based direct air capture system, 1MtCO2, with waste heat, and grid electricity|ME|1.0|1.0|7.522|7.522
2023-12-10 17:21:52,786|direct_air_capture|INFO|created|image|SSP2-Base|2020|carbon dioxide, captured from atmosphere, with a solvent-based direct air capture system, 1MtCO2, with waste heat, and grid electricity|MEX|1.0|1.0|7.522|7.522
2023-12-10 17:21:52,786|direct_air_capture|INFO|created|image|SSP2-Base|2020|carbon dioxide, captured from atmosphere, with a solvent-based direct air capture system, 1MtCO2, with waste heat, and grid electricity|NAF|1.0|1.0|7.522|7.522
2023-12-10 17:21:52,786|direct_air_capture|INFO|created|image|SSP2-Base|2020|carbon dioxide, captured from atmosphere, with a solvent-based direct air capture system, 1MtCO2, with waste heat, and grid electricity|OCE|1.0|1.0|7.522|7.522
2023-12-10 17:21:52,786|direct_air_capture|INFO|created|image|SSP2-Base|2020|carbon dioxide, captured from atmosphere, with a solvent-based direct air capture system, 1MtCO2, with waste heat, and grid electricity|RCAM|1.0|1.0|7.522|7.522
2023-12-10 17:21:52,786|direct_air_capture|INFO|created|image|SSP2-Base|2020|carbon dioxide, captured from atmosphere, with a solvent-based direct air capture system, 1MtCO2, with waste heat, and grid electricity|RSAF|1.0|1.0|7.522|7.522
2023-12-10 17:21:52,786|direct_air_capture|INFO|created|image|SSP2-Base|2020|carbon dioxide, captured from atmosphere, with a solvent-based direct air capture system, 1MtCO2, with waste heat, and grid electricity|RSAM|1.0|1.0|7.522|7.522
2023-12-10 17:21:52,786|direct_air_capture|INFO|created|image|SSP2-Base|2020|carbon dioxide, captured from atmosphere, with a solvent-based direct air capture system, 1MtCO2, with waste heat, and grid electricity|RSAS|1.0|1.0|7.522|7.522
2023-12-10 17:21:52,786|direct_air_capture|INFO|created|image|SSP2-Base|2020|carbon dioxide, captured from atmosphere, with a solvent-based direct air capture system, 1MtCO2, with waste heat, and grid electricity|RUS|1.0|1.0|7.522|7.522
2023-12-10 17:21:52,786|direct_air_capture|INFO|created|image|SSP2-Base|2020|carbon dioxide, captured from atmosphere, with a solvent-based direct air capture system, 1MtCO2, with waste heat, and grid electricity|SAF|1.0|1.0|7.522|7.522
2023-12-10 17:21:52,786|direct_air_capture|INFO|created|image|SSP2-Base|2020|carbon dioxide, captured from atmosphere, with a solvent-based direct air capture system, 1MtCO2, with waste heat, and grid electricity|SEAS|1.0|1.0|7.522|7.522
2023-12-10 17:21:52,786|direct_air_capture|INFO|created|image|SSP2-Base|2020|carbon dioxide, captured from atmosphere, with a solvent-based direct air capture system, 1MtCO2, with waste heat, and grid electricity|STAN|1.0|1.0|7.522|7.522
2023-12-10 17:21:52,786|direct_air_capture|INFO|created|image|SSP2-Base|2020|carbon dioxide, captured from atmosphere, with a solvent-based direct air capture system, 1MtCO2, with waste heat, and grid electricity|TUR|1.0|1.0|7.522|7.522
2023-12-10 17:21:52,786|direct_air_capture|INFO|created|image|SSP2-Base|2020|carbon dioxide, captured from atmosphere, with a solvent-based direct air capture system, 1MtCO2, with waste heat, and grid electricity|UKR|1.0|1.0|7.522|7.522
2023-12-10 17:21:52,786|direct_air_capture|INFO|created|image|SSP2-Base|2020|carbon dioxide, captured from atmosphere, with a solvent-based direct air capture system, 1MtCO2, with waste heat, and grid electricity|USA|1.0|1.0|7.522|7.522
2023-12-10 17:21:52,786|direct_air_capture|INFO|created|image|SSP2-Base|2020|carbon dioxide, captured from atmosphere, with a solvent-based direct air capture system, 1MtCO2, with waste heat, and grid electricity|WAF|1.0|1.0|7.522|7.522
2023-12-10 17:21:52,786|direct_air_capture|INFO|created|image|SSP2-Base|2020|carbon dioxide, captured from atmosphere, with a solvent-based direct air capture system, 1MtCO2, with waste heat, and grid electricity|WEU|1.0|1.0|7.522000000000001|7.522000000000001
2023-12-10 17:21:52,786|direct_air_capture|INFO|created|image|SSP2-Base|2020|carbon dioxide, captured from atmosphere, with a solvent-based direct air capture system, 1MtCO2, with waste heat, and grid electricity|World|1.0|1.0|7.522000000000001|7.522000000000001
2023-12-10 17:21:52,895|direct_air_capture|INFO|created|image|SSP2-Base|2020|carbon dioxide, captured from atmosphere, with a solvent-based direct air capture system, 1MtCO2, with industrial steam heat, and grid electricity|BRA|1.0|1.0|7.522|7.522
2023-12-10 17:21:52,896|direct_air_capture|INFO|created|image|SSP2-Base|2020|carbon dioxide, captured from atmosphere, with a solvent-based direct air capture system, 1MtCO2, with industrial steam heat, and grid electricity|CAN|1.0|1.0|7.522|7.522
2023-12-10 17:21:52,896|direct_air_capture|INFO|created|image|SSP2-Base|2020|carbon dioxide, captured from atmosphere, with a solvent-based direct air capture system, 1MtCO2, with industrial steam heat, and grid electricity|CEU|1.0|1.0|7.522|7.522
2023-12-10 17:21:52,896|direct_air_capture|INFO|created|image|SSP2-Base|2020|carbon dioxide, captured from atmosphere, with a solvent-based direct air capture system, 1MtCO2, with industrial steam heat, and grid electricity|CHN|1.0|1.0|7.522|7.522
2023-12-10 17:21:52,896|direct_air_capture|INFO|created|image|SSP2-Base|2020|carbon dioxide, captured from atmosphere, with a solvent-based direct air capture system, 1MtCO2, with industrial steam heat, and grid electricity|EAF|1.0|1.0|7.522|7.522
2023-12-10 17:21:52,896|direct_air_capture|INFO|created|image|SSP2-Base|2020|carbon dioxide, captured from atmosphere, with a solvent-based direct air capture system, 1MtCO2, with industrial steam heat, and grid electricity|INDIA|1.0|1.0|7.522|7.522
2023-12-10 17:21:52,896|direct_air_capture|INFO|created|image|SSP2-Base|2020|carbon dioxide, captured from atmosphere, with a solvent-based direct air capture system, 1MtCO2, with industrial steam heat, and grid electricity|INDO|1.0|1.0|7.522|7.522
2023-12-10 17:21:52,896|direct_air_capture|INFO|created|image|SSP2-Base|2020|carbon dioxide, captured from atmosphere, with a solvent-based direct air capture system, 1MtCO2, with industrial steam heat, and grid electricity|JAP|1.0|1.0|7.522|7.522
2023-12-10 17:21:52,896|direct_air_capture|INFO|created|image|SSP2-Base|2020|carbon dioxide, captured from atmosphere, with a solvent-based direct air capture system, 1MtCO2, with industrial steam heat, and grid electricity|KOR|1.0|1.0|7.522|7.522
2023-12-10 17:21:52,896|direct_air_capture|INFO|created|image|SSP2-Base|2020|carbon dioxide, captured from atmosphere, with a solvent-based direct air capture system, 1MtCO2, with industrial steam heat, and grid electricity|ME|1.0|1.0|7.522|7.522
2023-12-10 17:21:52,896|direct_air_capture|INFO|created|image|SSP2-Base|2020|carbon dioxide, captured from atmosphere, with a solvent-based direct air capture system, 1MtCO2, with industrial steam heat, and grid electricity|MEX|1.0|1.0|7.522|7.522
2023-12-10 17:21:52,896|direct_air_capture|INFO|created|image|SSP2-Base|2020|carbon dioxide, captured from atmosphere, with a solvent-based direct air capture system, 1MtCO2, with industrial steam heat, and grid electricity|NAF|1.0|1.0|7.522|7.522
2023-12-10 17:21:52,896|direct_air_capture|INFO|created|image|SSP2-Base|2020|carbon dioxide, captured from atmosphere, with a solvent-based direct air capture system, 1MtCO2, with industrial steam heat, and grid electricity|OCE|1.0|1.0|7.522|7.522
2023-12-10 17:21:52,896|direct_air_capture|INFO|created|image|SSP2-Base|2020|carbon dioxide, captured from atmosphere, with a solvent-based direct air capture system, 1MtCO2, with industrial steam heat, and grid electricity|RCAM|1.0|1.0|7.522|7.522
2023-12-10 17:21:52,896|direct_air_capture|INFO|created|image|SSP2-Base|2020|carbon dioxide, captured from atmosphere, with a solvent-based direct air capture system, 1MtCO2, with industrial steam heat, and grid electricity|RSAF|1.0|1.0|7.522|7.522
2023-12-10 17:21:52,896|direct_air_capture|INFO|created|image|SSP2-Base|2020|carbon dioxide, captured from atmosphere, with a solvent-based direct air capture system, 1MtCO2, with industrial steam heat, and grid electricity|RSAM|1.0|1.0|7.522|7.522
2023-12-10 17:21:52,896|direct_air_capture|INFO|created|image|SSP2-Base|2020|carbon dioxide, captured from atmosphere, with a solvent-based direct air capture system, 1MtCO2, with industrial steam heat, and grid electricity|RSAS|1.0|1.0|7.522|7.522
2023-12-10 17:21:52,896|direct_air_capture|INFO|created|image|SSP2-Base|2020|carbon dioxide, captured from atmosphere, with a solvent-based direct air capture system, 1MtCO2, with industrial steam heat, and grid electricity|RUS|1.0|1.0|7.522|7.522
2023-12-10 17:21:52,896|direct_air_capture|INFO|created|image|SSP2-Base|2020|carbon dioxide, captured from atmosphere, with a solvent-based direct air capture system, 1MtCO2, with industrial steam heat, and grid electricity|SAF|1.0|1.0|7.522|7.522
2023-12-10 17:21:52,896|direct_air_capture|INFO|created|image|SSP2-Base|2020|carbon dioxide, captured from atmosphere, with a solvent-based direct air capture system, 1MtCO2, with industrial steam heat, and grid electricity|SEAS|1.0|1.0|7.522|7.522
2023-12-10 17:21:52,896|direct_air_capture|INFO|created|image|SSP2-Base|2020|carbon dioxide, captured from atmosphere, with a solvent-based direct air capture system, 1MtCO2, with industrial steam heat, and grid electricity|STAN|1.0|1.0|7.522|7.522
2023-12-10 17:21:52,896|direct_air_capture|INFO|created|image|SSP2-Base|2020|carbon dioxide, captured from atmosphere, with a solvent-based direct air capture system, 1MtCO2, with industrial steam heat, and grid electricity|TUR|1.0|1.0|7.522|7.522
2023-12-10 17:21:52,896|direct_air_capture|INFO|created|image|SSP2-Base|2020|carbon dioxide, captured from atmosphere, with a solvent-based direct air capture system, 1MtCO2, with industrial steam heat, and grid electricity|UKR|1.0|1.0|7.522|7.522
2023-12-10 17:21:52,896|direct_air_capture|INFO|created|image|SSP2-Base|2020|carbon dioxide, captured from atmosphere, with a solvent-based direct air capture system, 1MtCO2, with industrial steam heat, and grid electricity|USA|1.0|1.0|7.522|7.522
2023-12-10 17:21:52,896|direct_air_capture|INFO|created|image|SSP2-Base|2020|carbon dioxide, captured from atmosphere, with a solvent-based direct air capture system, 1MtCO2, with industrial steam heat, and grid electricity|WAF|1.0|1.0|7.522|7.522
2023-12-10 17:21:52,896|direct_air_capture|INFO|created|image|SSP2-Base|2020|carbon dioxide, captured from atmosphere, with a solvent-based direct air capture system, 1MtCO2, with industrial steam heat, and grid electricity|WEU|1.0|1.0|7.522|7.522
2023-12-10 17:21:52,896|direct_air_capture|INFO|created|image|SSP2-Base|2020|carbon dioxide, captured from atmosphere, with a solvent-based direct air capture system, 1MtCO2, with industrial steam heat, and grid electricity|World|1.0|1.0|7.522|7.522
2023-12-10 17:21:52,999|direct_air_capture|INFO|created|image|SSP2-Base|2020|carbon dioxide, captured from atmosphere, with a solvent-based direct air capture system, 1MtCO2, with heat pump heat, and grid electricity|BRA|1.0|1.0|3.4075172413793107|3.4075172413793107
2023-12-10 17:21:53,000|direct_air_capture|INFO|created|image|SSP2-Base|2020|carbon dioxide, captured from atmosphere, with a solvent-based direct air capture system, 1MtCO2, with heat pump heat, and grid electricity|CAN|1.0|1.0|3.4075172413793107|3.4075172413793107
2023-12-10 17:21:53,000|direct_air_capture|INFO|created|image|SSP2-Base|2020|carbon dioxide, captured from atmosphere, with a solvent-based direct air capture system, 1MtCO2, with heat pump heat, and grid electricity|CEU|1.0|1.0|3.4075172413793107|3.4075172413793107
2023-12-10 17:21:53,000|direct_air_capture|INFO|created|image|SSP2-Base|2020|carbon dioxide, captured from atmosphere, with a solvent-based direct air capture system, 1MtCO2, with heat pump heat, and grid electricity|CHN|1.0|1.0|3.4075172413793107|3.4075172413793107
2023-12-10 17:21:53,000|direct_air_capture|INFO|created|image|SSP2-Base|2020|carbon dioxide, captured from atmosphere, with a solvent-based direct air capture system, 1MtCO2, with heat pump heat, and grid electricity|EAF|1.0|1.0|3.4075172413793107|3.4075172413793107
2023-12-10 17:21:53,000|direct_air_capture|INFO|created|image|SSP2-Base|2020|carbon dioxide, captured from atmosphere, with a solvent-based direct air capture system, 1MtCO2, with heat pump heat, and grid electricity|INDIA|1.0|1.0|3.4075172413793107|3.4075172413793107
2023-12-10 17:21:53,000|direct_air_capture|INFO|created|image|SSP2-Base|2020|carbon dioxide, captured from atmosphere, with a solvent-based direct air capture system, 1MtCO2, with heat pump heat, and grid electricity|INDO|1.0|1.0|3.4075172413793107|3.4075172413793107
2023-12-10 17:21:53,000|direct_air_capture|INFO|created|image|SSP2-Base|2020|carbon dioxide, captured from atmosphere, with a solvent-based direct air capture system, 1MtCO2, with heat pump heat, and grid electricity|JAP|1.0|1.0|3.4075172413793107|3.4075172413793107
2023-12-10 17:21:53,000|direct_air_capture|INFO|created|image|SSP2-Base|2020|carbon dioxide, captured from atmosphere, with a solvent-based direct air capture system, 1MtCO2, with heat pump heat, and grid electricity|KOR|1.0|1.0|3.4075172413793107|3.4075172413793107
2023-12-10 17:21:53,000|direct_air_capture|INFO|created|image|SSP2-Base|2020|carbon dioxide, captured from atmosphere, with a solvent-based direct air capture system, 1MtCO2, with heat pump heat, and grid electricity|ME|1.0|1.0|3.4075172413793107|3.4075172413793107
2023-12-10 17:21:53,000|direct_air_capture|INFO|created|image|SSP2-Base|2020|carbon dioxide, captured from atmosphere, with a solvent-based direct air capture system, 1MtCO2, with heat pump heat, and grid electricity|MEX|1.0|1.0|3.4075172413793107|3.4075172413793107
2023-12-10 17:21:53,000|direct_air_capture|INFO|created|image|SSP2-Base|2020|carbon dioxide, captured from atmosphere, with a solvent-based direct air capture system, 1MtCO2, with heat pump heat, and grid electricity|NAF|1.0|1.0|3.4075172413793107|3.4075172413793107
2023-12-10 17:21:53,000|direct_air_capture|INFO|created|image|SSP2-Base|2020|carbon dioxide, captured from atmosphere, with a solvent-based direct air capture system, 1MtCO2, with heat pump heat, and grid electricity|OCE|1.0|1.0|3.4075172413793107|3.4075172413793107
2023-12-10 17:21:53,000|direct_air_capture|INFO|created|image|SSP2-Base|2020|carbon dioxide, captured from atmosphere, with a solvent-based direct air capture system, 1MtCO2, with heat pump heat, and grid electricity|RCAM|1.0|1.0|3.4075172413793107|3.4075172413793107
2023-12-10 17:21:53,000|direct_air_capture|INFO|created|image|SSP2-Base|2020|carbon dioxide, captured from atmosphere, with a solvent-based direct air capture system, 1MtCO2, with heat pump heat, and grid electricity|RSAF|1.0|1.0|3.4075172413793107|3.4075172413793107
2023-12-10 17:21:53,000|direct_air_capture|INFO|created|image|SSP2-Base|2020|carbon dioxide, captured from atmosphere, with a solvent-based direct air capture system, 1MtCO2, with heat pump heat, and grid electricity|RSAM|1.0|1.0|3.4075172413793107|3.4075172413793107
2023-12-10 17:21:53,000|direct_air_capture|INFO|created|image|SSP2-Base|2020|carbon dioxide, captured from atmosphere, with a solvent-based direct air capture system, 1MtCO2, with heat pump heat, and grid electricity|RSAS|1.0|1.0|3.4075172413793107|3.4075172413793107
2023-12-10 17:21:53,000|direct_air_capture|INFO|created|image|SSP2-Base|2020|carbon dioxide, captured from atmosphere, with a solvent-based direct air capture system, 1MtCO2, with heat pump heat, and grid electricity|RUS|1.0|1.0|3.4075172413793107|3.4075172413793107
2023-12-10 17:21:53,000|direct_air_capture|INFO|created|image|SSP2-Base|2020|carbon dioxide, captured from atmosphere, with a solvent-based direct air capture system, 1MtCO2, with heat pump heat, and grid electricity|SAF|1.0|1.0|3.4075172413793107|3.4075172413793107
2023-12-10 17:21:53,000|direct_air_capture|INFO|created|image|SSP2-Base|2020|carbon dioxide, captured from atmosphere, with a solvent-based direct air capture system, 1MtCO2, with heat pump heat, and grid electricity|SEAS|1.0|1.0|3.4075172413793107|3.4075172413793107
2023-12-10 17:21:53,000|direct_air_capture|INFO|created|image|SSP2-Base|2020|carbon dioxide, captured from atmosphere, with a solvent-based direct air capture system, 1MtCO2, with heat pump heat, and grid electricity|STAN|1.0|1.0|3.4075172413793107|3.4075172413793107
2023-12-10 17:21:53,000|direct_air_capture|INFO|created|image|SSP2-Base|2020|carbon dioxide, captured from atmosphere, with a solvent-based direct air capture system, 1MtCO2, with heat pump heat, and grid electricity|TUR|1.0|1.0|3.4075172413793107|3.4075172413793107
2023-12-10 17:21:53,000|direct_air_capture|INFO|created|image|SSP2-Base|2020|carbon dioxide, captured from atmosphere, with a solvent-based direct air capture system, 1MtCO2, with heat pump heat, and grid electricity|UKR|1.0|1.0|3.4075172413793107|3.4075172413793107
2023-12-10 17:21:53,000|direct_air_capture|INFO|created|image|SSP2-Base|2020|carbon dioxide, captured from atmosphere, with a solvent-based direct air capture system, 1MtCO2, with heat pump heat, and grid electricity|USA|1.0|1.0|3.4075172413793107|3.4075172413793107
2023-12-10 17:21:53,000|direct_air_capture|INFO|created|image|SSP2-Base|2020|carbon dioxide, captured from atmosphere, with a solvent-based direct air capture system, 1MtCO2, with heat pump heat, and grid electricity|WAF|1.0|1.0|3.4075172413793107|3.4075172413793107
2023-12-10 17:21:53,000|direct_air_capture|INFO|created|image|SSP2-Base|2020|carbon dioxide, captured from atmosphere, with a solvent-based direct air capture system, 1MtCO2, with heat pump heat, and grid electricity|WEU|1.0|1.0|3.4075172413793107|3.4075172413793107
2023-12-10 17:21:53,000|direct_air_capture|INFO|created|image|SSP2-Base|2020|carbon dioxide, captured from atmosphere, with a solvent-based direct air capture system, 1MtCO2, with heat pump heat, and grid electricity|World|1.0|1.0|3.4075172413793107|3.4075172413793107
2023-12-10 17:21:53,218|direct_air_capture|INFO|empty|image|SSP2-Base|2020|carbon dioxide, captured from atmosphere, with a sorbent-based direct air capture system, 100ktCO2|RER||||
2023-12-10 17:21:53,325|direct_air_capture|INFO|created|image|SSP2-Base|2020|carbon dioxide, captured from atmosphere, with a sorbent-based direct air capture system, 100ktCO2, with waste heat, and grid electricity|BRA|1.0|1.0|7.2|7.2
2023-12-10 17:21:53,325|direct_air_capture|INFO|created|image|SSP2-Base|2020|carbon dioxide, captured from atmosphere, with a sorbent-based direct air capture system, 100ktCO2, with waste heat, and grid electricity|CAN|1.0|1.0|7.2|7.2
2023-12-10 17:21:53,325|direct_air_capture|INFO|created|image|SSP2-Base|2020|carbon dioxide, captured from atmosphere, with a sorbent-based direct air capture system, 100ktCO2, with waste heat, and grid electricity|CEU|1.0|1.0|7.2|7.2
2023-12-10 17:21:53,325|direct_air_capture|INFO|created|image|SSP2-Base|2020|carbon dioxide, captured from atmosphere, with a sorbent-based direct air capture system, 100ktCO2, with waste heat, and grid electricity|CHN|1.0|1.0|7.2|7.2
2023-12-10 17:21:53,325|direct_air_capture|INFO|created|image|SSP2-Base|2020|carbon dioxide, captured from atmosphere, with a sorbent-based direct air capture system, 100ktCO2, with waste heat, and grid electricity|EAF|1.0|1.0|7.2|7.2
2023-12-10 17:21:53,325|direct_air_capture|INFO|created|image|SSP2-Base|2020|carbon dioxide, captured from atmosphere, with a sorbent-based direct air capture system, 100ktCO2, with waste heat, and grid electricity|INDIA|1.0|1.0|7.2|7.2
2023-12-10 17:21:53,325|direct_air_capture|INFO|created|image|SSP2-Base|2020|carbon dioxide, captured from atmosphere, with a sorbent-based direct air capture system, 100ktCO2, with waste heat, and grid electricity|INDO|1.0|1.0|7.2|7.2
2023-12-10 17:21:53,325|direct_air_capture|INFO|created|image|SSP2-Base|2020|carbon dioxide, captured from atmosphere, with a sorbent-based direct air capture system, 100ktCO2, with waste heat, and grid electricity|JAP|1.0|1.0|7.2|7.2
2023-12-10 17:21:53,325|direct_air_capture|INFO|created|image|SSP2-Base|2020|carbon dioxide, captured from atmosphere, with a sorbent-based direct air capture system, 100ktCO2, with waste heat, and grid electricity|KOR|1.0|1.0|7.2|7.2
2023-12-10 17:21:53,325|direct_air_capture|INFO|created|image|SSP2-Base|2020|carbon dioxide, captured from atmosphere, with a sorbent-based direct air capture system, 100ktCO2, with waste heat, and grid electricity|ME|1.0|1.0|7.2|7.2
2023-12-10 17:21:53,325|direct_air_capture|INFO|created|image|SSP2-Base|2020|carbon dioxide, captured from atmosphere, with a sorbent-based direct air capture system, 100ktCO2, with waste heat, and grid electricity|MEX|1.0|1.0|7.2|7.2
2023-12-10 17:21:53,325|direct_air_capture|INFO|created|image|SSP2-Base|2020|carbon dioxide, captured from atmosphere, with a sorbent-based direct air capture system, 100ktCO2, with waste heat, and grid electricity|NAF|1.0|1.0|7.2|7.2
2023-12-10 17:21:53,325|direct_air_capture|INFO|created|image|SSP2-Base|2020|carbon dioxide, captured from atmosphere, with a sorbent-based direct air capture system, 100ktCO2, with waste heat, and grid electricity|OCE|1.0|1.0|7.2|7.2
2023-12-10 17:21:53,325|direct_air_capture|INFO|created|image|SSP2-Base|2020|carbon dioxide, captured from atmosphere, with a sorbent-based direct air capture system, 100ktCO2, with waste heat, and grid electricity|RCAM|1.0|1.0|7.2|7.2
2023-12-10 17:21:53,325|direct_air_capture|INFO|created|image|SSP2-Base|2020|carbon dioxide, captured from atmosphere, with a sorbent-based direct air capture system, 100ktCO2, with waste heat, and grid electricity|RSAF|1.0|1.0|7.2|7.2
2023-12-10 17:21:53,325|direct_air_capture|INFO|created|image|SSP2-Base|2020|carbon dioxide, captured from atmosphere, with a sorbent-based direct air capture system, 100ktCO2, with waste heat, and grid electricity|RSAM|1.0|1.0|7.2|7.2
2023-12-10 17:21:53,325|direct_air_capture|INFO|created|image|SSP2-Base|2020|carbon dioxide, captured from atmosphere, with a sorbent-based direct air capture system, 100ktCO2, with waste heat, and grid electricity|RSAS|1.0|1.0|7.2|7.2
2023-12-10 17:21:53,325|direct_air_capture|INFO|created|image|SSP2-Base|2020|carbon dioxide, captured from atmosphere, with a sorbent-based direct air capture system, 100ktCO2, with waste heat, and grid electricity|RUS|1.0|1.0|7.2|7.2
2023-12-10 17:21:53,325|direct_air_capture|INFO|created|image|SSP2-Base|2020|carbon dioxide, captured from atmosphere, with a sorbent-based direct air capture system, 100ktCO2, with waste heat, and grid electricity|SAF|1.0|1.0|7.2|7.2
2023-12-10 17:21:53,325|direct_air_capture|INFO|created|image|SSP2-Base|2020|carbon dioxide, captured from atmosphere, with a sorbent-based direct air capture system, 100ktCO2, with waste heat, and grid electricity|SEAS|1.0|1.0|7.2|7.2
2023-12-10 17:21:53,325|direct_air_capture|INFO|created|image|SSP2-Base|2020|carbon dioxide, captured from atmosphere, with a sorbent-based direct air capture system, 100ktCO2, with waste heat, and grid electricity|STAN|1.0|1.0|7.2|7.2
2023-12-10 17:21:53,326|direct_air_capture|INFO|created|image|SSP2-Base|2020|carbon dioxide, captured from atmosphere, with a sorbent-based direct air capture system, 100ktCO2, with waste heat, and grid electricity|TUR|1.0|1.0|7.2|7.2
2023-12-10 17:21:53,326|direct_air_capture|INFO|created|image|SSP2-Base|2020|carbon dioxide, captured from atmosphere, with a sorbent-based direct air capture system, 100ktCO2, with waste heat, and grid electricity|UKR|1.0|1.0|7.2|7.2
2023-12-10 17:21:53,326|direct_air_capture|INFO|created|image|SSP2-Base|2020|carbon dioxide, captured from atmosphere, with a sorbent-based direct air capture system, 100ktCO2, with waste heat, and grid electricity|USA|1.0|1.0|7.2|7.2
2023-12-10 17:21:53,326|direct_air_capture|INFO|created|image|SSP2-Base|2020|carbon dioxide, captured from atmosphere, with a sorbent-based direct air capture system, 100ktCO2, with waste heat, and grid electricity|WAF|1.0|1.0|7.2|7.2
2023-12-10 17:21:53,326|direct_air_capture|INFO|created|image|SSP2-Base|2020|carbon dioxide, captured from atmosphere, with a sorbent-based direct air capture system, 100ktCO2, with waste heat, and grid electricity|WEU|1.0|1.0|7.2|7.2
2023-12-10 17:21:53,326|direct_air_capture|INFO|created|image|SSP2-Base|2020|carbon dioxide, captured from atmosphere, with a sorbent-based direct air capture system, 100ktCO2, with waste heat, and grid electricity|World|1.0|1.0|7.199999999999999|7.199999999999999
2023-12-10 17:21:53,391|direct_air_capture|INFO|created|image|SSP2-Base|2020|carbon dioxide, captured from atmosphere, with a sorbent-based direct air capture system, 100ktCO2, with industrial steam heat, and grid electricity|BRA|1.0|1.0|7.2|7.2
2023-12-10 17:21:53,392|direct_air_capture|INFO|created|image|SSP2-Base|2020|carbon dioxide, captured from atmosphere, with a sorbent-based direct air capture system, 100ktCO2, with industrial steam heat, and grid electricity|CAN|1.0|1.0|7.2|7.2
2023-12-10 17:21:53,392|direct_air_capture|INFO|created|image|SSP2-Base|2020|carbon dioxide, captured from atmosphere, with a sorbent-based direct air capture system, 100ktCO2, with industrial steam heat, and grid electricity|CEU|1.0|1.0|7.2|7.2
2023-12-10 17:21:53,392|direct_air_capture|INFO|created|image|SSP2-Base|2020|carbon dioxide, captured from atmosphere, with a sorbent-based direct air capture system, 100ktCO2, with industrial steam heat, and grid electricity|CHN|1.0|1.0|7.2|7.2
2023-12-10 17:21:53,393|direct_air_capture|INFO|created|image|SSP2-Base|2020|carbon dioxide, captured from atmosphere, with a sorbent-based direct air capture system, 100ktCO2, with industrial steam heat, and grid electricity|EAF|1.0|1.0|7.2|7.2
2023-12-10 17:21:53,393|direct_air_capture|INFO|created|image|SSP2-Base|2020|carbon dioxide, captured from atmosphere, with a sorbent-based direct air capture system, 100ktCO2, with industrial steam heat, and grid electricity|INDIA|1.0|1.0|7.2|7.2
2023-12-10 17:21:53,393|direct_air_capture|INFO|created|image|SSP2-Base|2020|carbon dioxide, captured from atmosphere, with a sorbent-based direct air capture system, 100ktCO2, with industrial steam heat, and grid electricity|INDO|1.0|1.0|7.2|7.2
2023-12-10 17:21:53,393|direct_air_capture|INFO|created|image|SSP2-Base|2020|carbon dioxide, captured from atmosphere, with a sorbent-based direct air capture system, 100ktCO2, with industrial steam heat, and grid electricity|JAP|1.0|1.0|7.2|7.2
2023-12-10 17:21:53,393|direct_air_capture|INFO|created|image|SSP2-Base|2020|carbon dioxide, captured from atmosphere, with a sorbent-based direct air capture system, 100ktCO2, with industrial steam heat, and grid electricity|KOR|1.0|1.0|7.2|7.2
2023-12-10 17:21:53,393|direct_air_capture|INFO|created|image|SSP2-Base|2020|carbon dioxide, captured from atmosphere, with a sorbent-based direct air capture system, 100ktCO2, with industrial steam heat, and grid electricity|ME|1.0|1.0|7.2|7.2
2023-12-10 17:21:53,393|direct_air_capture|INFO|created|image|SSP2-Base|2020|carbon dioxide, captured from atmosphere, with a sorbent-based direct air capture system, 100ktCO2, with industrial steam heat, and grid electricity|MEX|1.0|1.0|7.2|7.2
2023-12-10 17:21:53,393|direct_air_capture|INFO|created|image|SSP2-Base|2020|carbon dioxide, captured from atmosphere, with a sorbent-based direct air capture system, 100ktCO2, with industrial steam heat, and grid electricity|NAF|1.0|1.0|7.2|7.2
2023-12-10 17:21:53,393|direct_air_capture|INFO|created|image|SSP2-Base|2020|carbon dioxide, captured from atmosphere, with a sorbent-based direct air capture system, 100ktCO2, with industrial steam heat, and grid electricity|OCE|1.0|1.0|7.2|7.2
2023-12-10 17:21:53,393|direct_air_capture|INFO|created|image|SSP2-Base|2020|carbon dioxide, captured from atmosphere, with a sorbent-based direct air capture system, 100ktCO2, with industrial steam heat, and grid electricity|RCAM|1.0|1.0|7.2|7.2
2023-12-10 17:21:53,393|direct_air_capture|INFO|created|image|SSP2-Base|2020|carbon dioxide, captured from atmosphere, with a sorbent-based direct air capture system, 100ktCO2, with industrial steam heat, and grid electricity|RSAF|1.0|1.0|7.2|7.2
2023-12-10 17:21:53,393|direct_air_capture|INFO|created|image|SSP2-Base|2020|carbon dioxide, captured from atmosphere, with a sorbent-based direct air capture system, 100ktCO2, with industrial steam heat, and grid electricity|RSAM|1.0|1.0|7.2|7.2
2023-12-10 17:21:53,393|direct_air_capture|INFO|created|image|SSP2-Base|2020|carbon dioxide, captured from atmosphere, with a sorbent-based direct air capture system, 100ktCO2, with industrial steam heat, and grid electricity|RSAS|1.0|1.0|7.2|7.2
2023-12-10 17:21:53,393|direct_air_capture|INFO|created|image|SSP2-Base|2020|carbon dioxide, captured from atmosphere, with a sorbent-based direct air capture system, 100ktCO2, with industrial steam heat, and grid electricity|RUS|1.0|1.0|7.2|7.2
2023-12-10 17:21:53,393|direct_air_capture|INFO|created|image|SSP2-Base|2020|carbon dioxide, captured from atmosphere, with a sorbent-based direct air capture system, 100ktCO2, with industrial steam heat, and grid electricity|SAF|1.0|1.0|7.2|7.2
2023-12-10 17:21:53,393|direct_air_capture|INFO|created|image|SSP2-Base|2020|carbon dioxide, captured from atmosphere, with a sorbent-based direct air capture system, 100ktCO2, with industrial steam heat, and grid electricity|SEAS|1.0|1.0|7.2|7.2
2023-12-10 17:21:53,393|direct_air_capture|INFO|created|image|SSP2-Base|2020|carbon dioxide, captured from atmosphere, with a sorbent-based direct air capture system, 100ktCO2, with industrial steam heat, and grid electricity|STAN|1.0|1.0|7.2|7.2
2023-12-10 17:21:53,393|direct_air_capture|INFO|created|image|SSP2-Base|2020|carbon dioxide, captured from atmosphere, with a sorbent-based direct air capture system, 100ktCO2, with industrial steam heat, and grid electricity|TUR|1.0|1.0|7.2|7.2
2023-12-10 17:21:53,393|direct_air_capture|INFO|created|image|SSP2-Base|2020|carbon dioxide, captured from atmosphere, with a sorbent-based direct air capture system, 100ktCO2, with industrial steam heat, and grid electricity|UKR|1.0|1.0|7.2|7.2
2023-12-10 17:21:53,393|direct_air_capture|INFO|created|image|SSP2-Base|2020|carbon dioxide, captured from atmosphere, with a sorbent-based direct air capture system, 100ktCO2, with industrial steam heat, and grid electricity|USA|1.0|1.0|7.2|7.2
2023-12-10 17:21:53,393|direct_air_capture|INFO|created|image|SSP2-Base|2020|carbon dioxide, captured from atmosphere, with a sorbent-based direct air capture system, 100ktCO2, with industrial steam heat, and grid electricity|WAF|1.0|1.0|7.2|7.2
2023-12-10 17:21:53,393|direct_air_capture|INFO|created|image|SSP2-Base|2020|carbon dioxide, captured from atmosphere, with a sorbent-based direct air capture system, 100ktCO2, with industrial steam heat, and grid electricity|WEU|1.0|1.0|7.2|7.2
2023-12-10 17:21:53,393|direct_air_capture|INFO|created|image|SSP2-Base|2020|carbon dioxide, captured from atmosphere, with a sorbent-based direct air capture system, 100ktCO2, with industrial steam heat, and grid electricity|World|1.0|1.0|7.2|7.2
2023-12-10 17:21:53,457|direct_air_capture|INFO|created|image|SSP2-Base|2020|carbon dioxide, captured from atmosphere, with a sorbent-based direct air capture system, 100ktCO2, with heat pump heat, and grid electricity|BRA|1.0|1.0|3.6620689655172414|3.6620689655172414
2023-12-10 17:21:53,457|direct_air_capture|INFO|created|image|SSP2-Base|2020|carbon dioxide, captured from atmosphere, with a sorbent-based direct air capture system, 100ktCO2, with heat pump heat, and grid electricity|CAN|1.0|1.0|3.6620689655172414|3.6620689655172414
2023-12-10 17:21:53,457|direct_air_capture|INFO|created|image|SSP2-Base|2020|carbon dioxide, captured from atmosphere, with a sorbent-based direct air capture system, 100ktCO2, with heat pump heat, and grid electricity|CEU|1.0|1.0|3.6620689655172414|3.6620689655172414
2023-12-10 17:21:53,457|direct_air_capture|INFO|created|image|SSP2-Base|2020|carbon dioxide, captured from atmosphere, with a sorbent-based direct air capture system, 100ktCO2, with heat pump heat, and grid electricity|CHN|1.0|1.0|3.6620689655172414|3.6620689655172414
2023-12-10 17:21:53,457|direct_air_capture|INFO|created|image|SSP2-Base|2020|carbon dioxide, captured from atmosphere, with a sorbent-based direct air capture system, 100ktCO2, with heat pump heat, and grid electricity|EAF|1.0|1.0|3.6620689655172414|3.6620689655172414
2023-12-10 17:21:53,457|direct_air_capture|INFO|created|image|SSP2-Base|2020|carbon dioxide, captured from atmosphere, with a sorbent-based direct air capture system, 100ktCO2, with heat pump heat, and grid electricity|INDIA|1.0|1.0|3.6620689655172414|3.6620689655172414
2023-12-10 17:21:53,457|direct_air_capture|INFO|created|image|SSP2-Base|2020|carbon dioxide, captured from atmosphere, with a sorbent-based direct air capture system, 100ktCO2, with heat pump heat, and grid electricity|INDO|1.0|1.0|3.6620689655172414|3.6620689655172414
2023-12-10 17:21:53,457|direct_air_capture|INFO|created|image|SSP2-Base|2020|carbon dioxide, captured from atmosphere, with a sorbent-based direct air capture system, 100ktCO2, with heat pump heat, and grid electricity|JAP|1.0|1.0|3.6620689655172414|3.6620689655172414
2023-12-10 17:21:53,457|direct_air_capture|INFO|created|image|SSP2-Base|2020|carbon dioxide, captured from atmosphere, with a sorbent-based direct air capture system, 100ktCO2, with heat pump heat, and grid electricity|KOR|1.0|1.0|3.6620689655172414|3.6620689655172414
2023-12-10 17:21:53,457|direct_air_capture|INFO|created|image|SSP2-Base|2020|carbon dioxide, captured from atmosphere, with a sorbent-based direct air capture system, 100ktCO2, with heat pump heat, and grid electricity|ME|1.0|1.0|3.6620689655172414|3.6620689655172414
2023-12-10 17:21:53,457|direct_air_capture|INFO|created|image|SSP2-Base|2020|carbon dioxide, captured from atmosphere, with a sorbent-based direct air capture system, 100ktCO2, with heat pump heat, and grid electricity|MEX|1.0|1.0|3.6620689655172414|3.6620689655172414
2023-12-10 17:21:53,457|direct_air_capture|INFO|created|image|SSP2-Base|2020|carbon dioxide, captured from atmosphere, with a sorbent-based direct air capture system, 100ktCO2, with heat pump heat, and grid electricity|NAF|1.0|1.0|3.6620689655172414|3.6620689655172414
2023-12-10 17:21:53,457|direct_air_capture|INFO|created|image|SSP2-Base|2020|carbon dioxide, captured from atmosphere, with a sorbent-based direct air capture system, 100ktCO2, with heat pump heat, and grid electricity|OCE|1.0|1.0|3.6620689655172414|3.6620689655172414
2023-12-10 17:21:53,457|direct_air_capture|INFO|created|image|SSP2-Base|2020|carbon dioxide, captured from atmosphere, with a sorbent-based direct air capture system, 100ktCO2, with heat pump heat, and grid electricity|RCAM|1.0|1.0|3.6620689655172414|3.6620689655172414
2023-12-10 17:21:53,457|direct_air_capture|INFO|created|image|SSP2-Base|2020|carbon dioxide, captured from atmosphere, with a sorbent-based direct air capture system, 100ktCO2, with heat pump heat, and grid electricity|RSAF|1.0|1.0|3.6620689655172414|3.6620689655172414
2023-12-10 17:21:53,457|direct_air_capture|INFO|created|image|SSP2-Base|2020|carbon dioxide, captured from atmosphere, with a sorbent-based direct air capture system, 100ktCO2, with heat pump heat, and grid electricity|RSAM|1.0|1.0|3.6620689655172414|3.6620689655172414
2023-12-10 17:21:53,457|direct_air_capture|INFO|created|image|SSP2-Base|2020|carbon dioxide, captured from atmosphere, with a sorbent-based direct air capture system, 100ktCO2, with heat pump heat, and grid electricity|RSAS|1.0|1.0|3.6620689655172414|3.6620689655172414
2023-12-10 17:21:53,457|direct_air_capture|INFO|created|image|SSP2-Base|2020|carbon dioxide, captured from atmosphere, with a sorbent-based direct air capture system, 100ktCO2, with heat pump heat, and grid electricity|RUS|1.0|1.0|3.6620689655172414|3.6620689655172414
2023-12-10 17:21:53,457|direct_air_capture|INFO|created|image|SSP2-Base|2020|carbon dioxide, captured from atmosphere, with a sorbent-based direct air capture system, 100ktCO2, with heat pump heat, and grid electricity|SAF|1.0|1.0|3.6620689655172414|3.6620689655172414
2023-12-10 17:21:53,457|direct_air_capture|INFO|created|image|SSP2-Base|2020|carbon dioxide, captured from atmosphere, with a sorbent-based direct air capture system, 100ktCO2, with heat pump heat, and grid electricity|SEAS|1.0|1.0|3.6620689655172414|3.6620689655172414
2023-12-10 17:21:53,457|direct_air_capture|INFO|created|image|SSP2-Base|2020|carbon dioxide, captured from atmosphere, with a sorbent-based direct air capture system, 100ktCO2, with heat pump heat, and grid electricity|STAN|1.0|1.0|3.6620689655172414|3.6620689655172414
2023-12-10 17:21:53,457|direct_air_capture|INFO|created|image|SSP2-Base|2020|carbon dioxide, captured from atmosphere, with a sorbent-based direct air capture system, 100ktCO2, with heat pump heat, and grid electricity|TUR|1.0|1.0|3.6620689655172414|3.6620689655172414
2023-12-10 17:21:53,457|direct_air_capture|INFO|created|image|SSP2-Base|2020|carbon dioxide, captured from atmosphere, with a sorbent-based direct air capture system, 100ktCO2, with heat pump heat, and grid electricity|UKR|1.0|1.0|3.6620689655172414|3.6620689655172414
2023-12-10 17:21:53,457|direct_air_capture|INFO|created|image|SSP2-Base|2020|carbon dioxide, captured from atmosphere, with a sorbent-based direct air capture system, 100ktCO2, with heat pump heat, and grid electricity|USA|1.0|1.0|3.6620689655172414|3.6620689655172414
2023-12-10 17:21:53,457|direct_air_capture|INFO|created|image|SSP2-Base|2020|carbon dioxide, captured from atmosphere, with a sorbent-based direct air capture system, 100ktCO2, with heat pump heat, and grid electricity|WAF|1.0|1.0|3.6620689655172414|3.6620689655172414
2023-12-10 17:21:53,457|direct_air_capture|INFO|created|image|SSP2-Base|2020|carbon dioxide, captured from atmosphere, with a sorbent-based direct air capture system, 100ktCO2, with heat pump heat, and grid electricity|WEU|1.0|1.0|3.6620689655172414|3.6620689655172414
2023-12-10 17:21:53,457|direct_air_capture|INFO|created|image|SSP2-Base|2020|carbon dioxide, captured from atmosphere, with a sorbent-based direct air capture system, 100ktCO2, with heat pump heat, and grid electricity|World|1.0|1.0|3.6620689655172414|3.6620689655172414
2023-12-10 17:21:53,680|direct_air_capture|INFO|empty|image|SSP2-Base|2020|carbon dioxide, captured from atmosphere and stored, with a solvent-based direct air capture system, 1MtCO2|RER||||
2023-12-10 17:21:53,776|direct_air_capture|INFO|created|image|SSP2-Base|2020|carbon dioxide, captured from atmosphere and stored, with a solvent-based direct air capture system, 1MtCO2, with waste heat, and grid electricity|BRA|1.0|1.0|7.522|7.522
2023-12-10 17:21:53,776|direct_air_capture|INFO|created|image|SSP2-Base|2020|carbon dioxide, captured from atmosphere and stored, with a solvent-based direct air capture system, 1MtCO2, with waste heat, and grid electricity|CAN|1.0|1.0|7.522|7.522
2023-12-10 17:21:53,776|direct_air_capture|INFO|created|image|SSP2-Base|2020|carbon dioxide, captured from atmosphere and stored, with a solvent-based direct air capture system, 1MtCO2, with waste heat, and grid electricity|CEU|1.0|1.0|7.521999999999999|7.521999999999999
2023-12-10 17:21:53,776|direct_air_capture|INFO|created|image|SSP2-Base|2020|carbon dioxide, captured from atmosphere and stored, with a solvent-based direct air capture system, 1MtCO2, with waste heat, and grid electricity|CHN|1.0|1.0|7.522|7.522
2023-12-10 17:21:53,776|direct_air_capture|INFO|created|image|SSP2-Base|2020|carbon dioxide, captured from atmosphere and stored, with a solvent-based direct air capture system, 1MtCO2, with waste heat, and grid electricity|EAF|1.0|1.0|7.522|7.522
2023-12-10 17:21:53,776|direct_air_capture|INFO|created|image|SSP2-Base|2020|carbon dioxide, captured from atmosphere and stored, with a solvent-based direct air capture system, 1MtCO2, with waste heat, and grid electricity|INDIA|1.0|1.0|7.522|7.522
2023-12-10 17:21:53,776|direct_air_capture|INFO|created|image|SSP2-Base|2020|carbon dioxide, captured from atmosphere and stored, with a solvent-based direct air capture system, 1MtCO2, with waste heat, and grid electricity|INDO|1.0|1.0|7.522|7.522
2023-12-10 17:21:53,776|direct_air_capture|INFO|created|image|SSP2-Base|2020|carbon dioxide, captured from atmosphere and stored, with a solvent-based direct air capture system, 1MtCO2, with waste heat, and grid electricity|JAP|1.0|1.0|7.522|7.522
2023-12-10 17:21:53,776|direct_air_capture|INFO|created|image|SSP2-Base|2020|carbon dioxide, captured from atmosphere and stored, with a solvent-based direct air capture system, 1MtCO2, with waste heat, and grid electricity|KOR|1.0|1.0|7.522|7.522
2023-12-10 17:21:53,776|direct_air_capture|INFO|created|image|SSP2-Base|2020|carbon dioxide, captured from atmosphere and stored, with a solvent-based direct air capture system, 1MtCO2, with waste heat, and grid electricity|ME|1.0|1.0|7.522|7.522
2023-12-10 17:21:53,776|direct_air_capture|INFO|created|image|SSP2-Base|2020|carbon dioxide, captured from atmosphere and stored, with a solvent-based direct air capture system, 1MtCO2, with waste heat, and grid electricity|MEX|1.0|1.0|7.522|7.522
2023-12-10 17:21:53,776|direct_air_capture|INFO|created|image|SSP2-Base|2020|carbon dioxide, captured from atmosphere and stored, with a solvent-based direct air capture system, 1MtCO2, with waste heat, and grid electricity|NAF|1.0|1.0|7.522|7.522
2023-12-10 17:21:53,776|direct_air_capture|INFO|created|image|SSP2-Base|2020|carbon dioxide, captured from atmosphere and stored, with a solvent-based direct air capture system, 1MtCO2, with waste heat, and grid electricity|OCE|1.0|1.0|7.522|7.522
2023-12-10 17:21:53,776|direct_air_capture|INFO|created|image|SSP2-Base|2020|carbon dioxide, captured from atmosphere and stored, with a solvent-based direct air capture system, 1MtCO2, with waste heat, and grid electricity|RCAM|1.0|1.0|7.522|7.522
2023-12-10 17:21:53,776|direct_air_capture|INFO|created|image|SSP2-Base|2020|carbon dioxide, captured from atmosphere and stored, with a solvent-based direct air capture system, 1MtCO2, with waste heat, and grid electricity|RSAF|1.0|1.0|7.522|7.522
2023-12-10 17:21:53,776|direct_air_capture|INFO|created|image|SSP2-Base|2020|carbon dioxide, captured from atmosphere and stored, with a solvent-based direct air capture system, 1MtCO2, with waste heat, and grid electricity|RSAM|1.0|1.0|7.522|7.522
2023-12-10 17:21:53,776|direct_air_capture|INFO|created|image|SSP2-Base|2020|carbon dioxide, captured from atmosphere and stored, with a solvent-based direct air capture system, 1MtCO2, with waste heat, and grid electricity|RSAS|1.0|1.0|7.522|7.522
2023-12-10 17:21:53,776|direct_air_capture|INFO|created|image|SSP2-Base|2020|carbon dioxide, captured from atmosphere and stored, with a solvent-based direct air capture system, 1MtCO2, with waste heat, and grid electricity|RUS|1.0|1.0|7.522|7.522
2023-12-10 17:21:53,776|direct_air_capture|INFO|created|image|SSP2-Base|2020|carbon dioxide, captured from atmosphere and stored, with a solvent-based direct air capture system, 1MtCO2, with waste heat, and grid electricity|SAF|1.0|1.0|7.522|7.522
2023-12-10 17:21:53,776|direct_air_capture|INFO|created|image|SSP2-Base|2020|carbon dioxide, captured from atmosphere and stored, with a solvent-based direct air capture system, 1MtCO2, with waste heat, and grid electricity|SEAS|1.0|1.0|7.522|7.522
2023-12-10 17:21:53,776|direct_air_capture|INFO|created|image|SSP2-Base|2020|carbon dioxide, captured from atmosphere and stored, with a solvent-based direct air capture system, 1MtCO2, with waste heat, and grid electricity|STAN|1.0|1.0|7.522|7.522
2023-12-10 17:21:53,776|direct_air_capture|INFO|created|image|SSP2-Base|2020|carbon dioxide, captured from atmosphere and stored, with a solvent-based direct air capture system, 1MtCO2, with waste heat, and grid electricity|TUR|1.0|1.0|7.522|7.522
2023-12-10 17:21:53,776|direct_air_capture|INFO|created|image|SSP2-Base|2020|carbon dioxide, captured from atmosphere and stored, with a solvent-based direct air capture system, 1MtCO2, with waste heat, and grid electricity|UKR|1.0|1.0|7.522|7.522
2023-12-10 17:21:53,776|direct_air_capture|INFO|created|image|SSP2-Base|2020|carbon dioxide, captured from atmosphere and stored, with a solvent-based direct air capture system, 1MtCO2, with waste heat, and grid electricity|USA|1.0|1.0|7.522|7.522
2023-12-10 17:21:53,776|direct_air_capture|INFO|created|image|SSP2-Base|2020|carbon dioxide, captured from atmosphere and stored, with a solvent-based direct air capture system, 1MtCO2, with waste heat, and grid electricity|WAF|1.0|1.0|7.522|7.522
2023-12-10 17:21:53,776|direct_air_capture|INFO|created|image|SSP2-Base|2020|carbon dioxide, captured from atmosphere and stored, with a solvent-based direct air capture system, 1MtCO2, with waste heat, and grid electricity|WEU|1.0|1.0|7.522000000000001|7.522000000000001
2023-12-10 17:21:53,776|direct_air_capture|INFO|created|image|SSP2-Base|2020|carbon dioxide, captured from atmosphere and stored, with a solvent-based direct air capture system, 1MtCO2, with waste heat, and grid electricity|World|1.0|1.0|7.522000000000001|7.522000000000001
2023-12-10 17:21:53,867|direct_air_capture|INFO|created|image|SSP2-Base|2020|carbon dioxide, captured from atmosphere and stored, with a solvent-based direct air capture system, 1MtCO2, with industrial steam heat, and grid electricity|BRA|1.0|1.0|7.522|7.522
2023-12-10 17:21:53,867|direct_air_capture|INFO|created|image|SSP2-Base|2020|carbon dioxide, captured from atmosphere and stored, with a solvent-based direct air capture system, 1MtCO2, with industrial steam heat, and grid electricity|CAN|1.0|1.0|7.522|7.522
2023-12-10 17:21:53,867|direct_air_capture|INFO|created|image|SSP2-Base|2020|carbon dioxide, captured from atmosphere and stored, with a solvent-based direct air capture system, 1MtCO2, with industrial steam heat, and grid electricity|CEU|1.0|1.0|7.522|7.522
2023-12-10 17:21:53,867|direct_air_capture|INFO|created|image|SSP2-Base|2020|carbon dioxide, captured from atmosphere and stored, with a solvent-based direct air capture system, 1MtCO2, with industrial steam heat, and grid electricity|CHN|1.0|1.0|7.522|7.522
2023-12-10 17:21:53,867|direct_air_capture|INFO|created|image|SSP2-Base|2020|carbon dioxide, captured from atmosphere and stored, with a solvent-based direct air capture system, 1MtCO2, with industrial steam heat, and grid electricity|EAF|1.0|1.0|7.522|7.522
2023-12-10 17:21:53,867|direct_air_capture|INFO|created|image|SSP2-Base|2020|carbon dioxide, captured from atmosphere and stored, with a solvent-based direct air capture system, 1MtCO2, with industrial steam heat, and grid electricity|INDIA|1.0|1.0|7.522|7.522
2023-12-10 17:21:53,867|direct_air_capture|INFO|created|image|SSP2-Base|2020|carbon dioxide, captured from atmosphere and stored, with a solvent-based direct air capture system, 1MtCO2, with industrial steam heat, and grid electricity|INDO|1.0|1.0|7.522|7.522
2023-12-10 17:21:53,867|direct_air_capture|INFO|created|image|SSP2-Base|2020|carbon dioxide, captured from atmosphere and stored, with a solvent-based direct air capture system, 1MtCO2, with industrial steam heat, and grid electricity|JAP|1.0|1.0|7.522|7.522
2023-12-10 17:21:53,867|direct_air_capture|INFO|created|image|SSP2-Base|2020|carbon dioxide, captured from atmosphere and stored, with a solvent-based direct air capture system, 1MtCO2, with industrial steam heat, and grid electricity|KOR|1.0|1.0|7.522|7.522
2023-12-10 17:21:53,867|direct_air_capture|INFO|created|image|SSP2-Base|2020|carbon dioxide, captured from atmosphere and stored, with a solvent-based direct air capture system, 1MtCO2, with industrial steam heat, and grid electricity|ME|1.0|1.0|7.522|7.522
2023-12-10 17:21:53,867|direct_air_capture|INFO|created|image|SSP2-Base|2020|carbon dioxide, captured from atmosphere and stored, with a solvent-based direct air capture system, 1MtCO2, with industrial steam heat, and grid electricity|MEX|1.0|1.0|7.522|7.522
2023-12-10 17:21:53,867|direct_air_capture|INFO|created|image|SSP2-Base|2020|carbon dioxide, captured from atmosphere and stored, with a solvent-based direct air capture system, 1MtCO2, with industrial steam heat, and grid electricity|NAF|1.0|1.0|7.522|7.522
2023-12-10 17:21:53,867|direct_air_capture|INFO|created|image|SSP2-Base|2020|carbon dioxide, captured from atmosphere and stored, with a solvent-based direct air capture system, 1MtCO2, with industrial steam heat, and grid electricity|OCE|1.0|1.0|7.522|7.522
2023-12-10 17:21:53,867|direct_air_capture|INFO|created|image|SSP2-Base|2020|carbon dioxide, captured from atmosphere and stored, with a solvent-based direct air capture system, 1MtCO2, with industrial steam heat, and grid electricity|RCAM|1.0|1.0|7.522|7.522
2023-12-10 17:21:53,867|direct_air_capture|INFO|created|image|SSP2-Base|2020|carbon dioxide, captured from atmosphere and stored, with a solvent-based direct air capture system, 1MtCO2, with industrial steam heat, and grid electricity|RSAF|1.0|1.0|7.522|7.522
2023-12-10 17:21:53,867|direct_air_capture|INFO|created|image|SSP2-Base|2020|carbon dioxide, captured from atmosphere and stored, with a solvent-based direct air capture system, 1MtCO2, with industrial steam heat, and grid electricity|RSAM|1.0|1.0|7.522|7.522
2023-12-10 17:21:53,867|direct_air_capture|INFO|created|image|SSP2-Base|2020|carbon dioxide, captured from atmosphere and stored, with a solvent-based direct air capture system, 1MtCO2, with industrial steam heat, and grid electricity|RSAS|1.0|1.0|7.522|7.522
2023-12-10 17:21:53,867|direct_air_capture|INFO|created|image|SSP2-Base|2020|carbon dioxide, captured from atmosphere and stored, with a solvent-based direct air capture system, 1MtCO2, with industrial steam heat, and grid electricity|RUS|1.0|1.0|7.522|7.522
2023-12-10 17:21:53,867|direct_air_capture|INFO|created|image|SSP2-Base|2020|carbon dioxide, captured from atmosphere and stored, with a solvent-based direct air capture system, 1MtCO2, with industrial steam heat, and grid electricity|SAF|1.0|1.0|7.522|7.522
2023-12-10 17:21:53,867|direct_air_capture|INFO|created|image|SSP2-Base|2020|carbon dioxide, captured from atmosphere and stored, with a solvent-based direct air capture system, 1MtCO2, with industrial steam heat, and grid electricity|SEAS|1.0|1.0|7.522|7.522
2023-12-10 17:21:53,867|direct_air_capture|INFO|created|image|SSP2-Base|2020|carbon dioxide, captured from atmosphere and stored, with a solvent-based direct air capture system, 1MtCO2, with industrial steam heat, and grid electricity|STAN|1.0|1.0|7.522|7.522
2023-12-10 17:21:53,867|direct_air_capture|INFO|created|image|SSP2-Base|2020|carbon dioxide, captured from atmosphere and stored, with a solvent-based direct air capture system, 1MtCO2, with industrial steam heat, and grid electricity|TUR|1.0|1.0|7.522|7.522
2023-12-10 17:21:53,867|direct_air_capture|INFO|created|image|SSP2-Base|2020|carbon dioxide, captured from atmosphere and stored, with a solvent-based direct air capture system, 1MtCO2, with industrial steam heat, and grid electricity|UKR|1.0|1.0|7.522|7.522
2023-12-10 17:21:53,867|direct_air_capture|INFO|created|image|SSP2-Base|2020|carbon dioxide, captured from atmosphere and stored, with a solvent-based direct air capture system, 1MtCO2, with industrial steam heat, and grid electricity|USA|1.0|1.0|7.522|7.522
2023-12-10 17:21:53,867|direct_air_capture|INFO|created|image|SSP2-Base|2020|carbon dioxide, captured from atmosphere and stored, with a solvent-based direct air capture system, 1MtCO2, with industrial steam heat, and grid electricity|WAF|1.0|1.0|7.522|7.522
2023-12-10 17:21:53,867|direct_air_capture|INFO|created|image|SSP2-Base|2020|carbon dioxide, captured from atmosphere and stored, with a solvent-based direct air capture system, 1MtCO2, with industrial steam heat, and grid electricity|WEU|1.0|1.0|7.522|7.522
2023-12-10 17:21:53,867|direct_air_capture|INFO|created|image|SSP2-Base|2020|carbon dioxide, captured from atmosphere and stored, with a solvent-based direct air capture system, 1MtCO2, with industrial steam heat, and grid electricity|World|1.0|1.0|7.522|7.522
2023-12-10 17:21:53,955|direct_air_capture|INFO|created|image|SSP2-Base|2020|carbon dioxide, captured from atmosphere and stored, with a solvent-based direct air capture system, 1MtCO2, with heat pump heat, and grid electricity|BRA|1.0|1.0|3.4075172413793107|3.4075172413793107
2023-12-10 17:21:53,955|direct_air_capture|INFO|created|image|SSP2-Base|2020|carbon dioxide, captured from atmosphere and stored, with a solvent-based direct air capture system, 1MtCO2, with heat pump heat, and grid electricity|CAN|1.0|1.0|3.4075172413793107|3.4075172413793107
2023-12-10 17:21:53,955|direct_air_capture|INFO|created|image|SSP2-Base|2020|carbon dioxide, captured from atmosphere and stored, with a solvent-based direct air capture system, 1MtCO2, with heat pump heat, and grid electricity|CEU|1.0|1.0|3.4075172413793107|3.4075172413793107
2023-12-10 17:21:53,955|direct_air_capture|INFO|created|image|SSP2-Base|2020|carbon dioxide, captured from atmosphere and stored, with a solvent-based direct air capture system, 1MtCO2, with heat pump heat, and grid electricity|CHN|1.0|1.0|3.4075172413793107|3.4075172413793107
2023-12-10 17:21:53,955|direct_air_capture|INFO|created|image|SSP2-Base|2020|carbon dioxide, captured from atmosphere and stored, with a solvent-based direct air capture system, 1MtCO2, with heat pump heat, and grid electricity|EAF|1.0|1.0|3.4075172413793107|3.4075172413793107
2023-12-10 17:21:53,955|direct_air_capture|INFO|created|image|SSP2-Base|2020|carbon dioxide, captured from atmosphere and stored, with a solvent-based direct air capture system, 1MtCO2, with heat pump heat, and grid electricity|INDIA|1.0|1.0|3.4075172413793107|3.4075172413793107
2023-12-10 17:21:53,955|direct_air_capture|INFO|created|image|SSP2-Base|2020|carbon dioxide, captured from atmosphere and stored, with a solvent-based direct air capture system, 1MtCO2, with heat pump heat, and grid electricity|INDO|1.0|1.0|3.4075172413793107|3.4075172413793107
2023-12-10 17:21:53,955|direct_air_capture|INFO|created|image|SSP2-Base|2020|carbon dioxide, captured from atmosphere and stored, with a solvent-based direct air capture system, 1MtCO2, with heat pump heat, and grid electricity|JAP|1.0|1.0|3.4075172413793107|3.4075172413793107
2023-12-10 17:21:53,955|direct_air_capture|INFO|created|image|SSP2-Base|2020|carbon dioxide, captured from atmosphere and stored, with a solvent-based direct air capture system, 1MtCO2, with heat pump heat, and grid electricity|KOR|1.0|1.0|3.4075172413793107|3.4075172413793107
2023-12-10 17:21:53,955|direct_air_capture|INFO|created|image|SSP2-Base|2020|carbon dioxide, captured from atmosphere and stored, with a solvent-based direct air capture system, 1MtCO2, with heat pump heat, and grid electricity|ME|1.0|1.0|3.4075172413793107|3.4075172413793107
2023-12-10 17:21:53,955|direct_air_capture|INFO|created|image|SSP2-Base|2020|carbon dioxide, captured from atmosphere and stored, with a solvent-based direct air capture system, 1MtCO2, with heat pump heat, and grid electricity|MEX|1.0|1.0|3.4075172413793107|3.4075172413793107
2023-12-10 17:21:53,955|direct_air_capture|INFO|created|image|SSP2-Base|2020|carbon dioxide, captured from atmosphere and stored, with a solvent-based direct air capture system, 1MtCO2, with heat pump heat, and grid electricity|NAF|1.0|1.0|3.4075172413793107|3.4075172413793107
2023-12-10 17:21:53,955|direct_air_capture|INFO|created|image|SSP2-Base|2020|carbon dioxide, captured from atmosphere and stored, with a solvent-based direct air capture system, 1MtCO2, with heat pump heat, and grid electricity|OCE|1.0|1.0|3.4075172413793107|3.4075172413793107
2023-12-10 17:21:53,955|direct_air_capture|INFO|created|image|SSP2-Base|2020|carbon dioxide, captured from atmosphere and stored, with a solvent-based direct air capture system, 1MtCO2, with heat pump heat, and grid electricity|RCAM|1.0|1.0|3.4075172413793107|3.4075172413793107
2023-12-10 17:21:53,955|direct_air_capture|INFO|created|image|SSP2-Base|2020|carbon dioxide, captured from atmosphere and stored, with a solvent-based direct air capture system, 1MtCO2, with heat pump heat, and grid electricity|RSAF|1.0|1.0|3.4075172413793107|3.4075172413793107
2023-12-10 17:21:53,955|direct_air_capture|INFO|created|image|SSP2-Base|2020|carbon dioxide, captured from atmosphere and stored, with a solvent-based direct air capture system, 1MtCO2, with heat pump heat, and grid electricity|RSAM|1.0|1.0|3.4075172413793107|3.4075172413793107
2023-12-10 17:21:53,955|direct_air_capture|INFO|created|image|SSP2-Base|2020|carbon dioxide, captured from atmosphere and stored, with a solvent-based direct air capture system, 1MtCO2, with heat pump heat, and grid electricity|RSAS|1.0|1.0|3.4075172413793107|3.4075172413793107
2023-12-10 17:21:53,955|direct_air_capture|INFO|created|image|SSP2-Base|2020|carbon dioxide, captured from atmosphere and stored, with a solvent-based direct air capture system, 1MtCO2, with heat pump heat, and grid electricity|RUS|1.0|1.0|3.4075172413793107|3.4075172413793107
2023-12-10 17:21:53,955|direct_air_capture|INFO|created|image|SSP2-Base|2020|carbon dioxide, captured from atmosphere and stored, with a solvent-based direct air capture system, 1MtCO2, with heat pump heat, and grid electricity|SAF|1.0|1.0|3.4075172413793107|3.4075172413793107
2023-12-10 17:21:53,955|direct_air_capture|INFO|created|image|SSP2-Base|2020|carbon dioxide, captured from atmosphere and stored, with a solvent-based direct air capture system, 1MtCO2, with heat pump heat, and grid electricity|SEAS|1.0|1.0|3.4075172413793107|3.4075172413793107
2023-12-10 17:21:53,955|direct_air_capture|INFO|created|image|SSP2-Base|2020|carbon dioxide, captured from atmosphere and stored, with a solvent-based direct air capture system, 1MtCO2, with heat pump heat, and grid electricity|STAN|1.0|1.0|3.4075172413793107|3.4075172413793107
2023-12-10 17:21:53,955|direct_air_capture|INFO|created|image|SSP2-Base|2020|carbon dioxide, captured from atmosphere and stored, with a solvent-based direct air capture system, 1MtCO2, with heat pump heat, and grid electricity|TUR|1.0|1.0|3.4075172413793107|3.4075172413793107
2023-12-10 17:21:53,955|direct_air_capture|INFO|created|image|SSP2-Base|2020|carbon dioxide, captured from atmosphere and stored, with a solvent-based direct air capture system, 1MtCO2, with heat pump heat, and grid electricity|UKR|1.0|1.0|3.4075172413793107|3.4075172413793107
2023-12-10 17:21:53,955|direct_air_capture|INFO|created|image|SSP2-Base|2020|carbon dioxide, captured from atmosphere and stored, with a solvent-based direct air capture system, 1MtCO2, with heat pump heat, and grid electricity|USA|1.0|1.0|3.4075172413793107|3.4075172413793107
2023-12-10 17:21:53,955|direct_air_capture|INFO|created|image|SSP2-Base|2020|carbon dioxide, captured from atmosphere and stored, with a solvent-based direct air capture system, 1MtCO2, with heat pump heat, and grid electricity|WAF|1.0|1.0|3.4075172413793107|3.4075172413793107
2023-12-10 17:21:53,955|direct_air_capture|INFO|created|image|SSP2-Base|2020|carbon dioxide, captured from atmosphere and stored, with a solvent-based direct air capture system, 1MtCO2, with heat pump heat, and grid electricity|WEU|1.0|1.0|3.4075172413793107|3.4075172413793107
2023-12-10 17:21:53,955|direct_air_capture|INFO|created|image|SSP2-Base|2020|carbon dioxide, captured from atmosphere and stored, with a solvent-based direct air capture system, 1MtCO2, with heat pump heat, and grid electricity|World|1.0|1.0|3.4075172413793107|3.4075172413793107
2023-12-10 17:21:54,236|direct_air_capture|INFO|empty|image|SSP2-Base|2020|carbon dioxide, captured from atmosphere and stored, with a sorbent-based direct air capture system, 100ktCO2|RER||||
2023-12-10 17:21:54,318|direct_air_capture|INFO|created|image|SSP2-Base|2020|carbon dioxide, captured from atmosphere and stored, with a sorbent-based direct air capture system, 100ktCO2, with waste heat, and grid electricity|BRA|1.0|1.0|7.2|7.2
2023-12-10 17:21:54,318|direct_air_capture|INFO|created|image|SSP2-Base|2020|carbon dioxide, captured from atmosphere and stored, with a sorbent-based direct air capture system, 100ktCO2, with waste heat, and grid electricity|CAN|1.0|1.0|7.2|7.2
2023-12-10 17:21:54,318|direct_air_capture|INFO|created|image|SSP2-Base|2020|carbon dioxide, captured from atmosphere and stored, with a sorbent-based direct air capture system, 100ktCO2, with waste heat, and grid electricity|CEU|1.0|1.0|7.2|7.2
2023-12-10 17:21:54,318|direct_air_capture|INFO|created|image|SSP2-Base|2020|carbon dioxide, captured from atmosphere and stored, with a sorbent-based direct air capture system, 100ktCO2, with waste heat, and grid electricity|CHN|1.0|1.0|7.2|7.2
2023-12-10 17:21:54,318|direct_air_capture|INFO|created|image|SSP2-Base|2020|carbon dioxide, captured from atmosphere and stored, with a sorbent-based direct air capture system, 100ktCO2, with waste heat, and grid electricity|EAF|1.0|1.0|7.2|7.2
2023-12-10 17:21:54,318|direct_air_capture|INFO|created|image|SSP2-Base|2020|carbon dioxide, captured from atmosphere and stored, with a sorbent-based direct air capture system, 100ktCO2, with waste heat, and grid electricity|INDIA|1.0|1.0|7.2|7.2
2023-12-10 17:21:54,318|direct_air_capture|INFO|created|image|SSP2-Base|2020|carbon dioxide, captured from atmosphere and stored, with a sorbent-based direct air capture system, 100ktCO2, with waste heat, and grid electricity|INDO|1.0|1.0|7.2|7.2
2023-12-10 17:21:54,318|direct_air_capture|INFO|created|image|SSP2-Base|2020|carbon dioxide, captured from atmosphere and stored, with a sorbent-based direct air capture system, 100ktCO2, with waste heat, and grid electricity|JAP|1.0|1.0|7.2|7.2
2023-12-10 17:21:54,318|direct_air_capture|INFO|created|image|SSP2-Base|2020|carbon dioxide, captured from atmosphere and stored, with a sorbent-based direct air capture system, 100ktCO2, with waste heat, and grid electricity|KOR|1.0|1.0|7.2|7.2
2023-12-10 17:21:54,318|direct_air_capture|INFO|created|image|SSP2-Base|2020|carbon dioxide, captured from atmosphere and stored, with a sorbent-based direct air capture system, 100ktCO2, with waste heat, and grid electricity|ME|1.0|1.0|7.2|7.2
2023-12-10 17:21:54,318|direct_air_capture|INFO|created|image|SSP2-Base|2020|carbon dioxide, captured from atmosphere and stored, with a sorbent-based direct air capture system, 100ktCO2, with waste heat, and grid electricity|MEX|1.0|1.0|7.2|7.2
2023-12-10 17:21:54,318|direct_air_capture|INFO|created|image|SSP2-Base|2020|carbon dioxide, captured from atmosphere and stored, with a sorbent-based direct air capture system, 100ktCO2, with waste heat, and grid electricity|NAF|1.0|1.0|7.2|7.2
2023-12-10 17:21:54,318|direct_air_capture|INFO|created|image|SSP2-Base|2020|carbon dioxide, captured from atmosphere and stored, with a sorbent-based direct air capture system, 100ktCO2, with waste heat, and grid electricity|OCE|1.0|1.0|7.2|7.2
2023-12-10 17:21:54,318|direct_air_capture|INFO|created|image|SSP2-Base|2020|carbon dioxide, captured from atmosphere and stored, with a sorbent-based direct air capture system, 100ktCO2, with waste heat, and grid electricity|RCAM|1.0|1.0|7.2|7.2
2023-12-10 17:21:54,318|direct_air_capture|INFO|created|image|SSP2-Base|2020|carbon dioxide, captured from atmosphere and stored, with a sorbent-based direct air capture system, 100ktCO2, with waste heat, and grid electricity|RSAF|1.0|1.0|7.2|7.2
2023-12-10 17:21:54,318|direct_air_capture|INFO|created|image|SSP2-Base|2020|carbon dioxide, captured from atmosphere and stored, with a sorbent-based direct air capture system, 100ktCO2, with waste heat, and grid electricity|RSAM|1.0|1.0|7.2|7.2
2023-12-10 17:21:54,318|direct_air_capture|INFO|created|image|SSP2-Base|2020|carbon dioxide, captured from atmosphere and stored, with a sorbent-based direct air capture system, 100ktCO2, with waste heat, and grid electricity|RSAS|1.0|1.0|7.2|7.2
2023-12-10 17:21:54,318|direct_air_capture|INFO|created|image|SSP2-Base|2020|carbon dioxide, captured from atmosphere and stored, with a sorbent-based direct air capture system, 100ktCO2, with waste heat, and grid electricity|RUS|1.0|1.0|7.2|7.2
2023-12-10 17:21:54,318|direct_air_capture|INFO|created|image|SSP2-Base|2020|carbon dioxide, captured from atmosphere and stored, with a sorbent-based direct air capture system, 100ktCO2, with waste heat, and grid electricity|SAF|1.0|1.0|7.2|7.2
2023-12-10 17:21:54,318|direct_air_capture|INFO|created|image|SSP2-Base|2020|carbon dioxide, captured from atmosphere and stored, with a sorbent-based direct air capture system, 100ktCO2, with waste heat, and grid electricity|SEAS|1.0|1.0|7.2|7.2
2023-12-10 17:21:54,318|direct_air_capture|INFO|created|image|SSP2-Base|2020|carbon dioxide, captured from atmosphere and stored, with a sorbent-based direct air capture system, 100ktCO2, with waste heat, and grid electricity|STAN|1.0|1.0|7.2|7.2
2023-12-10 17:21:54,318|direct_air_capture|INFO|created|image|SSP2-Base|2020|carbon dioxide, captured from atmosphere and stored, with a sorbent-based direct air capture system, 100ktCO2, with waste heat, and grid electricity|TUR|1.0|1.0|7.2|7.2
2023-12-10 17:21:54,318|direct_air_capture|INFO|created|image|SSP2-Base|2020|carbon dioxide, captured from atmosphere and stored, with a sorbent-based direct air capture system, 100ktCO2, with waste heat, and grid electricity|UKR|1.0|1.0|7.2|7.2
2023-12-10 17:21:54,318|direct_air_capture|INFO|created|image|SSP2-Base|2020|carbon dioxide, captured from atmosphere and stored, with a sorbent-based direct air capture system, 100ktCO2, with waste heat, and grid electricity|USA|1.0|1.0|7.2|7.2
2023-12-10 17:21:54,318|direct_air_capture|INFO|created|image|SSP2-Base|2020|carbon dioxide, captured from atmosphere and stored, with a sorbent-based direct air capture system, 100ktCO2, with waste heat, and grid electricity|WAF|1.0|1.0|7.2|7.2
2023-12-10 17:21:54,318|direct_air_capture|INFO|created|image|SSP2-Base|2020|carbon dioxide, captured from atmosphere and stored, with a sorbent-based direct air capture system, 100ktCO2, with waste heat, and grid electricity|WEU|1.0|1.0|7.2|7.2
2023-12-10 17:21:54,318|direct_air_capture|INFO|created|image|SSP2-Base|2020|carbon dioxide, captured from atmosphere and stored, with a sorbent-based direct air capture system, 100ktCO2, with waste heat, and grid electricity|World|1.0|1.0|7.199999999999999|7.199999999999999
2023-12-10 17:21:54,380|direct_air_capture|INFO|created|image|SSP2-Base|2020|carbon dioxide, captured from atmosphere and stored, with a sorbent-based direct air capture system, 100ktCO2, with industrial steam heat, and grid electricity|BRA|1.0|1.0|7.2|7.2
2023-12-10 17:21:54,381|direct_air_capture|INFO|created|image|SSP2-Base|2020|carbon dioxide, captured from atmosphere and stored, with a sorbent-based direct air capture system, 100ktCO2, with industrial steam heat, and grid electricity|CAN|1.0|1.0|7.2|7.2
2023-12-10 17:21:54,381|direct_air_capture|INFO|created|image|SSP2-Base|2020|carbon dioxide, captured from atmosphere and stored, with a sorbent-based direct air capture system, 100ktCO2, with industrial steam heat, and grid electricity|CEU|1.0|1.0|7.2|7.2
2023-12-10 17:21:54,381|direct_air_capture|INFO|created|image|SSP2-Base|2020|carbon dioxide, captured from atmosphere and stored, with a sorbent-based direct air capture system, 100ktCO2, with industrial steam heat, and grid electricity|CHN|1.0|1.0|7.2|7.2
2023-12-10 17:21:54,381|direct_air_capture|INFO|created|image|SSP2-Base|2020|carbon dioxide, captured from atmosphere and stored, with a sorbent-based direct air capture system, 100ktCO2, with industrial steam heat, and grid electricity|EAF|1.0|1.0|7.2|7.2
2023-12-10 17:21:54,381|direct_air_capture|INFO|created|image|SSP2-Base|2020|carbon dioxide, captured from atmosphere and stored, with a sorbent-based direct air capture system, 100ktCO2, with industrial steam heat, and grid electricity|INDIA|1.0|1.0|7.2|7.2
2023-12-10 17:21:54,381|direct_air_capture|INFO|created|image|SSP2-Base|2020|carbon dioxide, captured from atmosphere and stored, with a sorbent-based direct air capture system, 100ktCO2, with industrial steam heat, and grid electricity|INDO|1.0|1.0|7.2|7.2
2023-12-10 17:21:54,381|direct_air_capture|INFO|created|image|SSP2-Base|2020|carbon dioxide, captured from atmosphere and stored, with a sorbent-based direct air capture system, 100ktCO2, with industrial steam heat, and grid electricity|JAP|1.0|1.0|7.2|7.2
2023-12-10 17:21:54,381|direct_air_capture|INFO|created|image|SSP2-Base|2020|carbon dioxide, captured from atmosphere and stored, with a sorbent-based direct air capture system, 100ktCO2, with industrial steam heat, and grid electricity|KOR|1.0|1.0|7.2|7.2
2023-12-10 17:21:54,381|direct_air_capture|INFO|created|image|SSP2-Base|2020|carbon dioxide, captured from atmosphere and stored, with a sorbent-based direct air capture system, 100ktCO2, with industrial steam heat, and grid electricity|ME|1.0|1.0|7.2|7.2
2023-12-10 17:21:54,381|direct_air_capture|INFO|created|image|SSP2-Base|2020|carbon dioxide, captured from atmosphere and stored, with a sorbent-based direct air capture system, 100ktCO2, with industrial steam heat, and grid electricity|MEX|1.0|1.0|7.2|7.2
2023-12-10 17:21:54,381|direct_air_capture|INFO|created|image|SSP2-Base|2020|carbon dioxide, captured from atmosphere and stored, with a sorbent-based direct air capture system, 100ktCO2, with industrial steam heat, and grid electricity|NAF|1.0|1.0|7.2|7.2
2023-12-10 17:21:54,381|direct_air_capture|INFO|created|image|SSP2-Base|2020|carbon dioxide, captured from atmosphere and stored, with a sorbent-based direct air capture system, 100ktCO2, with industrial steam heat, and grid electricity|OCE|1.0|1.0|7.2|7.2
2023-12-10 17:21:54,381|direct_air_capture|INFO|created|image|SSP2-Base|2020|carbon dioxide, captured from atmosphere and stored, with a sorbent-based direct air capture system, 100ktCO2, with industrial steam heat, and grid electricity|RCAM|1.0|1.0|7.2|7.2
2023-12-10 17:21:54,381|direct_air_capture|INFO|created|image|SSP2-Base|2020|carbon dioxide, captured from atmosphere and stored, with a sorbent-based direct air capture system, 100ktCO2, with industrial steam heat, and grid electricity|RSAF|1.0|1.0|7.2|7.2
2023-12-10 17:21:54,381|direct_air_capture|INFO|created|image|SSP2-Base|2020|carbon dioxide, captured from atmosphere and stored, with a sorbent-based direct air capture system, 100ktCO2, with industrial steam heat, and grid electricity|RSAM|1.0|1.0|7.2|7.2
2023-12-10 17:21:54,381|direct_air_capture|INFO|created|image|SSP2-Base|2020|carbon dioxide, captured from atmosphere and stored, with a sorbent-based direct air capture system, 100ktCO2, with industrial steam heat, and grid electricity|RSAS|1.0|1.0|7.2|7.2
2023-12-10 17:21:54,381|direct_air_capture|INFO|created|image|SSP2-Base|2020|carbon dioxide, captured from atmosphere and stored, with a sorbent-based direct air capture system, 100ktCO2, with industrial steam heat, and grid electricity|RUS|1.0|1.0|7.2|7.2
2023-12-10 17:21:54,381|direct_air_capture|INFO|created|image|SSP2-Base|2020|carbon dioxide, captured from atmosphere and stored, with a sorbent-based direct air capture system, 100ktCO2, with industrial steam heat, and grid electricity|SAF|1.0|1.0|7.2|7.2
2023-12-10 17:21:54,381|direct_air_capture|INFO|created|image|SSP2-Base|2020|carbon dioxide, captured from atmosphere and stored, with a sorbent-based direct air capture system, 100ktCO2, with industrial steam heat, and grid electricity|SEAS|1.0|1.0|7.2|7.2
2023-12-10 17:21:54,381|direct_air_capture|INFO|created|image|SSP2-Base|2020|carbon dioxide, captured from atmosphere and stored, with a sorbent-based direct air capture system, 100ktCO2, with industrial steam heat, and grid electricity|STAN|1.0|1.0|7.2|7.2
2023-12-10 17:21:54,381|direct_air_capture|INFO|created|image|SSP2-Base|2020|carbon dioxide, captured from atmosphere and stored, with a sorbent-based direct air capture system, 100ktCO2, with industrial steam heat, and grid electricity|TUR|1.0|1.0|7.2|7.2
2023-12-10 17:21:54,381|direct_air_capture|INFO|created|image|SSP2-Base|2020|carbon dioxide, captured from atmosphere and stored, with a sorbent-based direct air capture system, 100ktCO2, with industrial steam heat, and grid electricity|UKR|1.0|1.0|7.2|7.2
2023-12-10 17:21:54,381|direct_air_capture|INFO|created|image|SSP2-Base|2020|carbon dioxide, captured from atmosphere and stored, with a sorbent-based direct air capture system, 100ktCO2, with industrial steam heat, and grid electricity|USA|1.0|1.0|7.2|7.2
2023-12-10 17:21:54,381|direct_air_capture|INFO|created|image|SSP2-Base|2020|carbon dioxide, captured from atmosphere and stored, with a sorbent-based direct air capture system, 100ktCO2, with industrial steam heat, and grid electricity|WAF|1.0|1.0|7.2|7.2
2023-12-10 17:21:54,381|direct_air_capture|INFO|created|image|SSP2-Base|2020|carbon dioxide, captured from atmosphere and stored, with a sorbent-based direct air capture system, 100ktCO2, with industrial steam heat, and grid electricity|WEU|1.0|1.0|7.2|7.2
2023-12-10 17:21:54,381|direct_air_capture|INFO|created|image|SSP2-Base|2020|carbon dioxide, captured from atmosphere and stored, with a sorbent-based direct air capture system, 100ktCO2, with industrial steam heat, and grid electricity|World|1.0|1.0|7.2|7.2
2023-12-10 17:21:54,443|direct_air_capture|INFO|created|image|SSP2-Base|2020|carbon dioxide, captured from atmosphere and stored, with a sorbent-based direct air capture system, 100ktCO2, with heat pump heat, and grid electricity|BRA|1.0|1.0|3.6620689655172414|3.6620689655172414
2023-12-10 17:21:54,443|direct_air_capture|INFO|created|image|SSP2-Base|2020|carbon dioxide, captured from atmosphere and stored, with a sorbent-based direct air capture system, 100ktCO2, with heat pump heat, and grid electricity|CAN|1.0|1.0|3.6620689655172414|3.6620689655172414
2023-12-10 17:21:54,443|direct_air_capture|INFO|created|image|SSP2-Base|2020|carbon dioxide, captured from atmosphere and stored, with a sorbent-based direct air capture system, 100ktCO2, with heat pump heat, and grid electricity|CEU|1.0|1.0|3.6620689655172414|3.6620689655172414
2023-12-10 17:21:54,443|direct_air_capture|INFO|created|image|SSP2-Base|2020|carbon dioxide, captured from atmosphere and stored, with a sorbent-based direct air capture system, 100ktCO2, with heat pump heat, and grid electricity|CHN|1.0|1.0|3.6620689655172414|3.6620689655172414
2023-12-10 17:21:54,443|direct_air_capture|INFO|created|image|SSP2-Base|2020|carbon dioxide, captured from atmosphere and stored, with a sorbent-based direct air capture system, 100ktCO2, with heat pump heat, and grid electricity|EAF|1.0|1.0|3.6620689655172414|3.6620689655172414
2023-12-10 17:21:54,443|direct_air_capture|INFO|created|image|SSP2-Base|2020|carbon dioxide, captured from atmosphere and stored, with a sorbent-based direct air capture system, 100ktCO2, with heat pump heat, and grid electricity|INDIA|1.0|1.0|3.6620689655172414|3.6620689655172414
2023-12-10 17:21:54,443|direct_air_capture|INFO|created|image|SSP2-Base|2020|carbon dioxide, captured from atmosphere and stored, with a sorbent-based direct air capture system, 100ktCO2, with heat pump heat, and grid electricity|INDO|1.0|1.0|3.6620689655172414|3.6620689655172414
2023-12-10 17:21:54,443|direct_air_capture|INFO|created|image|SSP2-Base|2020|carbon dioxide, captured from atmosphere and stored, with a sorbent-based direct air capture system, 100ktCO2, with heat pump heat, and grid electricity|JAP|1.0|1.0|3.6620689655172414|3.6620689655172414
2023-12-10 17:21:54,443|direct_air_capture|INFO|created|image|SSP2-Base|2020|carbon dioxide, captured from atmosphere and stored, with a sorbent-based direct air capture system, 100ktCO2, with heat pump heat, and grid electricity|KOR|1.0|1.0|3.6620689655172414|3.6620689655172414
2023-12-10 17:21:54,443|direct_air_capture|INFO|created|image|SSP2-Base|2020|carbon dioxide, captured from atmosphere and stored, with a sorbent-based direct air capture system, 100ktCO2, with heat pump heat, and grid electricity|ME|1.0|1.0|3.6620689655172414|3.6620689655172414
2023-12-10 17:21:54,443|direct_air_capture|INFO|created|image|SSP2-Base|2020|carbon dioxide, captured from atmosphere and stored, with a sorbent-based direct air capture system, 100ktCO2, with heat pump heat, and grid electricity|MEX|1.0|1.0|3.6620689655172414|3.6620689655172414
2023-12-10 17:21:54,443|direct_air_capture|INFO|created|image|SSP2-Base|2020|carbon dioxide, captured from atmosphere and stored, with a sorbent-based direct air capture system, 100ktCO2, with heat pump heat, and grid electricity|NAF|1.0|1.0|3.6620689655172414|3.6620689655172414
2023-12-10 17:21:54,443|direct_air_capture|INFO|created|image|SSP2-Base|2020|carbon dioxide, captured from atmosphere and stored, with a sorbent-based direct air capture system, 100ktCO2, with heat pump heat, and grid electricity|OCE|1.0|1.0|3.6620689655172414|3.6620689655172414
2023-12-10 17:21:54,443|direct_air_capture|INFO|created|image|SSP2-Base|2020|carbon dioxide, captured from atmosphere and stored, with a sorbent-based direct air capture system, 100ktCO2, with heat pump heat, and grid electricity|RCAM|1.0|1.0|3.6620689655172414|3.6620689655172414
2023-12-10 17:21:54,443|direct_air_capture|INFO|created|image|SSP2-Base|2020|carbon dioxide, captured from atmosphere and stored, with a sorbent-based direct air capture system, 100ktCO2, with heat pump heat, and grid electricity|RSAF|1.0|1.0|3.6620689655172414|3.6620689655172414
2023-12-10 17:21:54,443|direct_air_capture|INFO|created|image|SSP2-Base|2020|carbon dioxide, captured from atmosphere and stored, with a sorbent-based direct air capture system, 100ktCO2, with heat pump heat, and grid electricity|RSAM|1.0|1.0|3.6620689655172414|3.6620689655172414
2023-12-10 17:21:54,443|direct_air_capture|INFO|created|image|SSP2-Base|2020|carbon dioxide, captured from atmosphere and stored, with a sorbent-based direct air capture system, 100ktCO2, with heat pump heat, and grid electricity|RSAS|1.0|1.0|3.6620689655172414|3.6620689655172414
2023-12-10 17:21:54,443|direct_air_capture|INFO|created|image|SSP2-Base|2020|carbon dioxide, captured from atmosphere and stored, with a sorbent-based direct air capture system, 100ktCO2, with heat pump heat, and grid electricity|RUS|1.0|1.0|3.6620689655172414|3.6620689655172414
2023-12-10 17:21:54,443|direct_air_capture|INFO|created|image|SSP2-Base|2020|carbon dioxide, captured from atmosphere and stored, with a sorbent-based direct air capture system, 100ktCO2, with heat pump heat, and grid electricity|SAF|1.0|1.0|3.6620689655172414|3.6620689655172414
2023-12-10 17:21:54,443|direct_air_capture|INFO|created|image|SSP2-Base|2020|carbon dioxide, captured from atmosphere and stored, with a sorbent-based direct air capture system, 100ktCO2, with heat pump heat, and grid electricity|SEAS|1.0|1.0|3.6620689655172414|3.6620689655172414
2023-12-10 17:21:54,443|direct_air_capture|INFO|created|image|SSP2-Base|2020|carbon dioxide, captured from atmosphere and stored, with a sorbent-based direct air capture system, 100ktCO2, with heat pump heat, and grid electricity|STAN|1.0|1.0|3.6620689655172414|3.6620689655172414
2023-12-10 17:21:54,443|direct_air_capture|INFO|created|image|SSP2-Base|2020|carbon dioxide, captured from atmosphere and stored, with a sorbent-based direct air capture system, 100ktCO2, with heat pump heat, and grid electricity|TUR|1.0|1.0|3.6620689655172414|3.6620689655172414
2023-12-10 17:21:54,443|direct_air_capture|INFO|created|image|SSP2-Base|2020|carbon dioxide, captured from atmosphere and stored, with a sorbent-based direct air capture system, 100ktCO2, with heat pump heat, and grid electricity|UKR|1.0|1.0|3.6620689655172414|3.6620689655172414
2023-12-10 17:21:54,443|direct_air_capture|INFO|created|image|SSP2-Base|2020|carbon dioxide, captured from atmosphere and stored, with a sorbent-based direct air capture system, 100ktCO2, with heat pump heat, and grid electricity|USA|1.0|1.0|3.6620689655172414|3.6620689655172414
2023-12-10 17:21:54,443|direct_air_capture|INFO|created|image|SSP2-Base|2020|carbon dioxide, captured from atmosphere and stored, with a sorbent-based direct air capture system, 100ktCO2, with heat pump heat, and grid electricity|WAF|1.0|1.0|3.6620689655172414|3.6620689655172414
2023-12-10 17:21:54,443|direct_air_capture|INFO|created|image|SSP2-Base|2020|carbon dioxide, captured from atmosphere and stored, with a sorbent-based direct air capture system, 100ktCO2, with heat pump heat, and grid electricity|WEU|1.0|1.0|3.6620689655172414|3.6620689655172414
2023-12-10 17:21:54,443|direct_air_capture|INFO|created|image|SSP2-Base|2020|carbon dioxide, captured from atmosphere and stored, with a sorbent-based direct air capture system, 100ktCO2, with heat pump heat, and grid electricity|World|1.0|1.0|3.6620689655172414|3.6620689655172414
