2023-12-10 17:22:28,763|steel|INFO|empty|image|SSP2-Base|2020|market for steel, low-alloyed|GLO||||
2023-12-10 17:22:28,920|steel|INFO|created|image|SSP2-Base|2020|market for steel, low-alloyed|BRA|||0.6875|0.3125
2023-12-10 17:22:28,920|steel|INFO|created|image|SSP2-Base|2020|market for steel, low-alloyed|CAN|||0.3283442469597755|0.6716557530402245
2023-12-10 17:22:28,920|steel|INFO|created|image|SSP2-Base|2020|market for steel, low-alloyed|CEU|||0.27710843373493976|0.7228915662650602
2023-12-10 17:22:28,920|steel|INFO|created|image|SSP2-Base|2020|market for steel, low-alloyed|CHN|||0.7881828316610925|0.2118171683389075
2023-12-10 17:22:28,920|steel|INFO|created|image|SSP2-Base|2020|market for steel, low-alloyed|EAF|||0.0|1.0
2023-12-10 17:22:28,920|steel|INFO|created|image|SSP2-Base|2020|market for steel, low-alloyed|INDIA|||0.82|0.18000000000000005
2023-12-10 17:22:28,920|steel|INFO|created|image|SSP2-Base|2020|market for steel, low-alloyed|INDO|||0.22144112478031636|0.7785588752196837
2023-12-10 17:22:28,920|steel|INFO|created|image|SSP2-Base|2020|market for steel, low-alloyed|JAP|||0.6086956521739131|0.3913043478260869
2023-12-10 17:22:28,920|steel|INFO|created|image|SSP2-Base|2020|market for steel, low-alloyed|KOR|||0.5625|0.4375
2023-12-10 17:22:28,920|steel|INFO|created|image|SSP2-Base|2020|market for steel, low-alloyed|ME|||0.32401982875168994|0.67598017124831
2023-12-10 17:22:28,920|steel|INFO|created|image|SSP2-Base|2020|market for steel, low-alloyed|MEX|||0.42561746122917865|0.5743825387708213
2023-12-10 17:22:28,920|steel|INFO|created|image|SSP2-Base|2020|market for steel, low-alloyed|NAF|||0.37551020408163266|0.6244897959183673
2023-12-10 17:22:28,920|steel|INFO|created|image|SSP2-Base|2020|market for steel, low-alloyed|OCE|||0.7416520210896309|0.2583479789103691
2023-12-10 17:22:28,920|steel|INFO|created|image|SSP2-Base|2020|market for steel, low-alloyed|RCAM|||0.2631578947368421|0.736842105263158
2023-12-10 17:22:28,920|steel|INFO|created|image|SSP2-Base|2020|market for steel, low-alloyed|RSAF|||0.0|1.0
2023-12-10 17:22:28,920|steel|INFO|created|image|SSP2-Base|2020|market for steel, low-alloyed|RSAM|||0.7846715328467153|0.21532846715328469
2023-12-10 17:22:28,920|steel|INFO|created|image|SSP2-Base|2020|market for steel, low-alloyed|RSAS|||0.6411290322580645|0.3588709677419355
2023-12-10 17:22:28,920|steel|INFO|created|image|SSP2-Base|2020|market for steel, low-alloyed|RUS|||0.6|0.4
2023-12-10 17:22:28,920|steel|INFO|created|image|SSP2-Base|2020|market for steel, low-alloyed|SAF|||0.5134048257372654|0.4865951742627346
2023-12-10 17:22:28,920|steel|INFO|created|image|SSP2-Base|2020|market for steel, low-alloyed|SEAS|||0.20634920634920634|0.7936507936507937
2023-12-10 17:22:28,920|steel|INFO|created|image|SSP2-Base|2020|market for steel, low-alloyed|STAN|||0.5776892430278885|0.4223107569721115
2023-12-10 17:22:28,920|steel|INFO|created|image|SSP2-Base|2020|market for steel, low-alloyed|TUR|||0.6756756756756757|0.32432432432432434
2023-12-10 17:22:28,920|steel|INFO|created|image|SSP2-Base|2020|market for steel, low-alloyed|UKR|||0.6430868167202571|0.35691318327974286
2023-12-10 17:22:28,920|steel|INFO|created|image|SSP2-Base|2020|market for steel, low-alloyed|USA|||0.3582089552238806|0.6417910447761195
2023-12-10 17:22:28,920|steel|INFO|created|image|SSP2-Base|2020|market for steel, low-alloyed|WAF|||0.0|1.0
2023-12-10 17:22:28,920|steel|INFO|created|image|SSP2-Base|2020|market for steel, low-alloyed|WEU|||0.45901639344262296|0.540983606557377
2023-12-10 17:22:28,920|steel|INFO|created|image|SSP2-Base|2020|market for steel, low-alloyed|World||||
2023-12-10 17:22:29,277|steel|INFO|empty|image|SSP2-Base|2020|market for steel, unalloyed|GLO||||
2023-12-10 17:22:29,364|steel|INFO|created|image|SSP2-Base|2020|market for steel, unalloyed|BRA||||
2023-12-10 17:22:29,364|steel|INFO|created|image|SSP2-Base|2020|market for steel, unalloyed|CAN||||
2023-12-10 17:22:29,364|steel|INFO|created|image|SSP2-Base|2020|market for steel, unalloyed|CEU||||
2023-12-10 17:22:29,364|steel|INFO|created|image|SSP2-Base|2020|market for steel, unalloyed|CHN||||
2023-12-10 17:22:29,364|steel|INFO|created|image|SSP2-Base|2020|market for steel, unalloyed|EAF||||
2023-12-10 17:22:29,364|steel|INFO|created|image|SSP2-Base|2020|market for steel, unalloyed|INDIA||||
2023-12-10 17:22:29,364|steel|INFO|created|image|SSP2-Base|2020|market for steel, unalloyed|INDO||||
2023-12-10 17:22:29,364|steel|INFO|created|image|SSP2-Base|2020|market for steel, unalloyed|JAP||||
2023-12-10 17:22:29,364|steel|INFO|created|image|SSP2-Base|2020|market for steel, unalloyed|KOR||||
2023-12-10 17:22:29,365|steel|INFO|created|image|SSP2-Base|2020|market for steel, unalloyed|ME||||
2023-12-10 17:22:29,365|steel|INFO|created|image|SSP2-Base|2020|market for steel, unalloyed|MEX||||
2023-12-10 17:22:29,365|steel|INFO|created|image|SSP2-Base|2020|market for steel, unalloyed|NAF||||
2023-12-10 17:22:29,365|steel|INFO|created|image|SSP2-Base|2020|market for steel, unalloyed|OCE||||
2023-12-10 17:22:29,365|steel|INFO|created|image|SSP2-Base|2020|market for steel, unalloyed|RCAM||||
2023-12-10 17:22:29,365|steel|INFO|created|image|SSP2-Base|2020|market for steel, unalloyed|RSAF||||
2023-12-10 17:22:29,365|steel|INFO|created|image|SSP2-Base|2020|market for steel, unalloyed|RSAM||||
2023-12-10 17:22:29,365|steel|INFO|created|image|SSP2-Base|2020|market for steel, unalloyed|RSAS||||
2023-12-10 17:22:29,365|steel|INFO|created|image|SSP2-Base|2020|market for steel, unalloyed|RUS||||
2023-12-10 17:22:29,365|steel|INFO|created|image|SSP2-Base|2020|market for steel, unalloyed|SAF||||
2023-12-10 17:22:29,365|steel|INFO|created|image|SSP2-Base|2020|market for steel, unalloyed|SEAS||||
2023-12-10 17:22:29,365|steel|INFO|created|image|SSP2-Base|2020|market for steel, unalloyed|STAN||||
2023-12-10 17:22:29,365|steel|INFO|created|image|SSP2-Base|2020|market for steel, unalloyed|TUR||||
2023-12-10 17:22:29,365|steel|INFO|created|image|SSP2-Base|2020|market for steel, unalloyed|UKR||||
2023-12-10 17:22:29,365|steel|INFO|created|image|SSP2-Base|2020|market for steel, unalloyed|USA||||
2023-12-10 17:22:29,365|steel|INFO|created|image|SSP2-Base|2020|market for steel, unalloyed|WAF||||
2023-12-10 17:22:29,365|steel|INFO|created|image|SSP2-Base|2020|market for steel, unalloyed|WEU||||
2023-12-10 17:22:29,365|steel|INFO|created|image|SSP2-Base|2020|market for steel, unalloyed|World||||
2023-12-10 17:22:29,720|steel|INFO|empty|image|SSP2-Base|2020|market for steel, chromium steel 18/8|GLO||||
2023-12-10 17:22:29,809|steel|INFO|created|image|SSP2-Base|2020|market for steel, chromium steel 18/8|BRA||||
2023-12-10 17:22:29,810|steel|INFO|created|image|SSP2-Base|2020|market for steel, chromium steel 18/8|CAN||||
2023-12-10 17:22:29,810|steel|INFO|created|image|SSP2-Base|2020|market for steel, chromium steel 18/8|CEU||||
2023-12-10 17:22:29,810|steel|INFO|created|image|SSP2-Base|2020|market for steel, chromium steel 18/8|CHN||||
2023-12-10 17:22:29,810|steel|INFO|created|image|SSP2-Base|2020|market for steel, chromium steel 18/8|EAF||||
2023-12-10 17:22:29,810|steel|INFO|created|image|SSP2-Base|2020|market for steel, chromium steel 18/8|INDIA||||
2023-12-10 17:22:29,810|steel|INFO|created|image|SSP2-Base|2020|market for steel, chromium steel 18/8|INDO||||
2023-12-10 17:22:29,810|steel|INFO|created|image|SSP2-Base|2020|market for steel, chromium steel 18/8|JAP||||
2023-12-10 17:22:29,810|steel|INFO|created|image|SSP2-Base|2020|market for steel, chromium steel 18/8|KOR||||
2023-12-10 17:22:29,810|steel|INFO|created|image|SSP2-Base|2020|market for steel, chromium steel 18/8|ME||||
2023-12-10 17:22:29,810|steel|INFO|created|image|SSP2-Base|2020|market for steel, chromium steel 18/8|MEX||||
2023-12-10 17:22:29,810|steel|INFO|created|image|SSP2-Base|2020|market for steel, chromium steel 18/8|NAF||||
2023-12-10 17:22:29,810|steel|INFO|created|image|SSP2-Base|2020|market for steel, chromium steel 18/8|OCE||||
2023-12-10 17:22:29,810|steel|INFO|created|image|SSP2-Base|2020|market for steel, chromium steel 18/8|RCAM||||
2023-12-10 17:22:29,810|steel|INFO|created|image|SSP2-Base|2020|market for steel, chromium steel 18/8|RSAF||||
2023-12-10 17:22:29,810|steel|INFO|created|image|SSP2-Base|2020|market for steel, chromium steel 18/8|RSAM||||
2023-12-10 17:22:29,810|steel|INFO|created|image|SSP2-Base|2020|market for steel, chromium steel 18/8|RSAS||||
2023-12-10 17:22:29,810|steel|INFO|created|image|SSP2-Base|2020|market for steel, chromium steel 18/8|RUS||||
2023-12-10 17:22:29,810|steel|INFO|created|image|SSP2-Base|2020|market for steel, chromium steel 18/8|SAF||||
2023-12-10 17:22:29,810|steel|INFO|created|image|SSP2-Base|2020|market for steel, chromium steel 18/8|SEAS||||
2023-12-10 17:22:29,810|steel|INFO|created|image|SSP2-Base|2020|market for steel, chromium steel 18/8|STAN||||
2023-12-10 17:22:29,810|steel|INFO|created|image|SSP2-Base|2020|market for steel, chromium steel 18/8|TUR||||
2023-12-10 17:22:29,810|steel|INFO|created|image|SSP2-Base|2020|market for steel, chromium steel 18/8|UKR||||
2023-12-10 17:22:29,810|steel|INFO|created|image|SSP2-Base|2020|market for steel, chromium steel 18/8|USA||||
2023-12-10 17:22:29,810|steel|INFO|created|image|SSP2-Base|2020|market for steel, chromium steel 18/8|WAF||||
2023-12-10 17:22:29,810|steel|INFO|created|image|SSP2-Base|2020|market for steel, chromium steel 18/8|WEU||||
2023-12-10 17:22:29,810|steel|INFO|created|image|SSP2-Base|2020|market for steel, chromium steel 18/8|World||||
2023-12-10 17:22:30,578|steel|INFO|empty|image|SSP2-Base|2020|steel production, converter, low-alloyed|RER||||
2023-12-10 17:22:30,578|steel|INFO|empty|image|SSP2-Base|2020|steel production, converter, low-alloyed|IN||||
2023-12-10 17:22:30,662|steel|INFO|empty|image|SSP2-Base|2020|steel production, converter, low-alloyed|RoW||||
2023-12-10 17:22:31,050|steel|INFO|empty|image|SSP2-Base|2020|steel production, converter, unalloyed|RER||||
2023-12-10 17:22:31,136|steel|INFO|empty|image|SSP2-Base|2020|steel production, converter, unalloyed|RoW||||
2023-12-10 17:22:31,690|steel|INFO|empty|image|SSP2-Base|2020|steel production, electric, chromium steel 18/8|RoW||||
2023-12-10 17:22:31,692|steel|INFO|empty|image|SSP2-Base|2020|steel production, electric, chromium steel 18/8|RER||||
2023-12-10 17:22:32,438|steel|INFO|empty|image|SSP2-Base|2020|steel production, electric, low-alloyed|CH||||
2023-12-10 17:22:32,439|steel|INFO|empty|image|SSP2-Base|2020|steel production, electric, low-alloyed|Europe without Switzerland and Austria||||
2023-12-10 17:22:32,522|steel|INFO|empty|image|SSP2-Base|2020|steel production, electric, low-alloyed|RoW||||
2023-12-10 17:22:32,522|steel|INFO|empty|image|SSP2-Base|2020|steel production, electric, low-alloyed|CA-QC||||
2023-12-10 17:22:32,523|steel|INFO|empty|image|SSP2-Base|2020|steel production, electric, low-alloyed|IN||||
2023-12-10 17:22:32,525|steel|INFO|empty|image|SSP2-Base|2020|steel production, electric, low-alloyed|AT||||
2023-12-10 17:22:32,585|steel|INFO|created|image|SSP2-Base|2020|steel production, converter, low-alloyed|BRA|0.0|||
2023-12-10 17:22:32,585|steel|INFO|created|image|SSP2-Base|2020|steel production, converter, low-alloyed|CAN|0.0|||
2023-12-10 17:22:32,585|steel|INFO|created|image|SSP2-Base|2020|steel production, converter, low-alloyed|CEU|0.0|||
2023-12-10 17:22:32,585|steel|INFO|created|image|SSP2-Base|2020|steel production, converter, low-alloyed|CHN|0.0|||
2023-12-10 17:22:32,585|steel|INFO|created|image|SSP2-Base|2020|steel production, converter, low-alloyed|EAF|0.0|||
2023-12-10 17:22:32,585|steel|INFO|created|image|SSP2-Base|2020|steel production, converter, low-alloyed|INDIA|0.0|||
2023-12-10 17:22:32,585|steel|INFO|created|image|SSP2-Base|2020|steel production, converter, low-alloyed|INDO|0.0|||
2023-12-10 17:22:32,585|steel|INFO|created|image|SSP2-Base|2020|steel production, converter, low-alloyed|JAP|0.0|||
2023-12-10 17:22:32,585|steel|INFO|created|image|SSP2-Base|2020|steel production, converter, low-alloyed|KOR|0.0|||
2023-12-10 17:22:32,585|steel|INFO|created|image|SSP2-Base|2020|steel production, converter, low-alloyed|ME|0.0|||
2023-12-10 17:22:32,585|steel|INFO|created|image|SSP2-Base|2020|steel production, converter, low-alloyed|MEX|0.0|||
2023-12-10 17:22:32,585|steel|INFO|created|image|SSP2-Base|2020|steel production, converter, low-alloyed|NAF|0.0|||
2023-12-10 17:22:32,585|steel|INFO|created|image|SSP2-Base|2020|steel production, converter, low-alloyed|OCE|0.0|||
2023-12-10 17:22:32,585|steel|INFO|created|image|SSP2-Base|2020|steel production, converter, low-alloyed|RCAM|0.0|||
2023-12-10 17:22:32,585|steel|INFO|created|image|SSP2-Base|2020|steel production, converter, low-alloyed|RSAF|0.0|||
2023-12-10 17:22:32,585|steel|INFO|created|image|SSP2-Base|2020|steel production, converter, low-alloyed|RSAM|0.0|||
2023-12-10 17:22:32,585|steel|INFO|created|image|SSP2-Base|2020|steel production, converter, low-alloyed|RSAS|0.0|||
2023-12-10 17:22:32,585|steel|INFO|created|image|SSP2-Base|2020|steel production, converter, low-alloyed|RUS|0.0|||
2023-12-10 17:22:32,585|steel|INFO|created|image|SSP2-Base|2020|steel production, converter, low-alloyed|SAF|0.0|||
2023-12-10 17:22:32,585|steel|INFO|created|image|SSP2-Base|2020|steel production, converter, low-alloyed|SEAS|0.0|||
2023-12-10 17:22:32,585|steel|INFO|created|image|SSP2-Base|2020|steel production, converter, low-alloyed|STAN|0.0|||
2023-12-10 17:22:32,585|steel|INFO|created|image|SSP2-Base|2020|steel production, converter, low-alloyed|TUR|0.0|||
2023-12-10 17:22:32,585|steel|INFO|created|image|SSP2-Base|2020|steel production, converter, low-alloyed|UKR|0.0|||
2023-12-10 17:22:32,585|steel|INFO|created|image|SSP2-Base|2020|steel production, converter, low-alloyed|USA|0.0|||
2023-12-10 17:22:32,585|steel|INFO|created|image|SSP2-Base|2020|steel production, converter, low-alloyed|WAF|0.0|||
2023-12-10 17:22:32,585|steel|INFO|created|image|SSP2-Base|2020|steel production, converter, low-alloyed|WEU|0.0|||
2023-12-10 17:22:32,585|steel|INFO|created|image|SSP2-Base|2020|steel production, converter, low-alloyed|World|0.0|||
2023-12-10 17:22:32,642|steel|INFO|created|image|SSP2-Base|2020|steel production, converter, unalloyed|BRA|0.0|||
2023-12-10 17:22:32,642|steel|INFO|created|image|SSP2-Base|2020|steel production, converter, unalloyed|CAN|0.0|||
2023-12-10 17:22:32,642|steel|INFO|created|image|SSP2-Base|2020|steel production, converter, unalloyed|CEU|0.0|||
2023-12-10 17:22:32,642|steel|INFO|created|image|SSP2-Base|2020|steel production, converter, unalloyed|CHN|0.0|||
2023-12-10 17:22:32,642|steel|INFO|created|image|SSP2-Base|2020|steel production, converter, unalloyed|EAF|0.0|||
2023-12-10 17:22:32,642|steel|INFO|created|image|SSP2-Base|2020|steel production, converter, unalloyed|INDIA|0.0|||
2023-12-10 17:22:32,642|steel|INFO|created|image|SSP2-Base|2020|steel production, converter, unalloyed|INDO|0.0|||
2023-12-10 17:22:32,642|steel|INFO|created|image|SSP2-Base|2020|steel production, converter, unalloyed|JAP|0.0|||
2023-12-10 17:22:32,642|steel|INFO|created|image|SSP2-Base|2020|steel production, converter, unalloyed|KOR|0.0|||
2023-12-10 17:22:32,642|steel|INFO|created|image|SSP2-Base|2020|steel production, converter, unalloyed|ME|0.0|||
2023-12-10 17:22:32,642|steel|INFO|created|image|SSP2-Base|2020|steel production, converter, unalloyed|MEX|0.0|||
2023-12-10 17:22:32,642|steel|INFO|created|image|SSP2-Base|2020|steel production, converter, unalloyed|NAF|0.0|||
2023-12-10 17:22:32,642|steel|INFO|created|image|SSP2-Base|2020|steel production, converter, unalloyed|OCE|0.0|||
2023-12-10 17:22:32,642|steel|INFO|created|image|SSP2-Base|2020|steel production, converter, unalloyed|RCAM|0.0|||
2023-12-10 17:22:32,642|steel|INFO|created|image|SSP2-Base|2020|steel production, converter, unalloyed|RSAF|0.0|||
2023-12-10 17:22:32,642|steel|INFO|created|image|SSP2-Base|2020|steel production, converter, unalloyed|RSAM|0.0|||
2023-12-10 17:22:32,642|steel|INFO|created|image|SSP2-Base|2020|steel production, converter, unalloyed|RSAS|0.0|||
2023-12-10 17:22:32,642|steel|INFO|created|image|SSP2-Base|2020|steel production, converter, unalloyed|RUS|0.0|||
2023-12-10 17:22:32,642|steel|INFO|created|image|SSP2-Base|2020|steel production, converter, unalloyed|SAF|0.0|||
2023-12-10 17:22:32,642|steel|INFO|created|image|SSP2-Base|2020|steel production, converter, unalloyed|SEAS|0.0|||
2023-12-10 17:22:32,642|steel|INFO|created|image|SSP2-Base|2020|steel production, converter, unalloyed|STAN|0.0|||
2023-12-10 17:22:32,642|steel|INFO|created|image|SSP2-Base|2020|steel production, converter, unalloyed|TUR|0.0|||
2023-12-10 17:22:32,642|steel|INFO|created|image|SSP2-Base|2020|steel production, converter, unalloyed|UKR|0.0|||
2023-12-10 17:22:32,642|steel|INFO|created|image|SSP2-Base|2020|steel production, converter, unalloyed|USA|0.0|||
2023-12-10 17:22:32,642|steel|INFO|created|image|SSP2-Base|2020|steel production, converter, unalloyed|WAF|0.0|||
2023-12-10 17:22:32,642|steel|INFO|created|image|SSP2-Base|2020|steel production, converter, unalloyed|WEU|0.0|||
2023-12-10 17:22:32,642|steel|INFO|created|image|SSP2-Base|2020|steel production, converter, unalloyed|World|0.0|||
2023-12-10 17:22:32,700|steel|INFO|created|image|SSP2-Base|2020|steel production, electric, chromium steel 18/8|BRA|0.0|||
2023-12-10 17:22:32,700|steel|INFO|created|image|SSP2-Base|2020|steel production, electric, chromium steel 18/8|CAN|0.0|||
2023-12-10 17:22:32,700|steel|INFO|created|image|SSP2-Base|2020|steel production, electric, chromium steel 18/8|CEU|0.0|||
2023-12-10 17:22:32,700|steel|INFO|created|image|SSP2-Base|2020|steel production, electric, chromium steel 18/8|CHN|0.0|||
2023-12-10 17:22:32,700|steel|INFO|created|image|SSP2-Base|2020|steel production, electric, chromium steel 18/8|EAF|0.0|||
2023-12-10 17:22:32,700|steel|INFO|created|image|SSP2-Base|2020|steel production, electric, chromium steel 18/8|INDIA|0.0|||
2023-12-10 17:22:32,700|steel|INFO|created|image|SSP2-Base|2020|steel production, electric, chromium steel 18/8|INDO|0.0|||
2023-12-10 17:22:32,700|steel|INFO|created|image|SSP2-Base|2020|steel production, electric, chromium steel 18/8|JAP|0.0|||
2023-12-10 17:22:32,700|steel|INFO|created|image|SSP2-Base|2020|steel production, electric, chromium steel 18/8|KOR|0.0|||
2023-12-10 17:22:32,700|steel|INFO|created|image|SSP2-Base|2020|steel production, electric, chromium steel 18/8|ME|0.0|||
2023-12-10 17:22:32,700|steel|INFO|created|image|SSP2-Base|2020|steel production, electric, chromium steel 18/8|MEX|0.0|||
2023-12-10 17:22:32,700|steel|INFO|created|image|SSP2-Base|2020|steel production, electric, chromium steel 18/8|NAF|0.0|||
2023-12-10 17:22:32,700|steel|INFO|created|image|SSP2-Base|2020|steel production, electric, chromium steel 18/8|OCE|0.0|||
2023-12-10 17:22:32,700|steel|INFO|created|image|SSP2-Base|2020|steel production, electric, chromium steel 18/8|RCAM|0.0|||
2023-12-10 17:22:32,700|steel|INFO|created|image|SSP2-Base|2020|steel production, electric, chromium steel 18/8|RSAF|0.0|||
2023-12-10 17:22:32,700|steel|INFO|created|image|SSP2-Base|2020|steel production, electric, chromium steel 18/8|RSAM|0.0|||
2023-12-10 17:22:32,700|steel|INFO|created|image|SSP2-Base|2020|steel production, electric, chromium steel 18/8|RSAS|0.0|||
2023-12-10 17:22:32,700|steel|INFO|created|image|SSP2-Base|2020|steel production, electric, chromium steel 18/8|RUS|0.0|||
2023-12-10 17:22:32,700|steel|INFO|created|image|SSP2-Base|2020|steel production, electric, chromium steel 18/8|SAF|0.0|||
2023-12-10 17:22:32,700|steel|INFO|created|image|SSP2-Base|2020|steel production, electric, chromium steel 18/8|SEAS|0.0|||
2023-12-10 17:22:32,700|steel|INFO|created|image|SSP2-Base|2020|steel production, electric, chromium steel 18/8|STAN|0.0|||
2023-12-10 17:22:32,700|steel|INFO|created|image|SSP2-Base|2020|steel production, electric, chromium steel 18/8|TUR|0.0|||
2023-12-10 17:22:32,700|steel|INFO|created|image|SSP2-Base|2020|steel production, electric, chromium steel 18/8|UKR|0.0|||
2023-12-10 17:22:32,701|steel|INFO|created|image|SSP2-Base|2020|steel production, electric, chromium steel 18/8|USA|0.0|||
2023-12-10 17:22:32,701|steel|INFO|created|image|SSP2-Base|2020|steel production, electric, chromium steel 18/8|WAF|0.0|||
2023-12-10 17:22:32,701|steel|INFO|created|image|SSP2-Base|2020|steel production, electric, chromium steel 18/8|WEU|0.0|||
2023-12-10 17:22:32,701|steel|INFO|created|image|SSP2-Base|2020|steel production, electric, chromium steel 18/8|World|0.0|||
2023-12-10 17:22:32,758|steel|INFO|created|image|SSP2-Base|2020|steel production, electric, low-alloyed|BRA|0.0|||
2023-12-10 17:22:32,758|steel|INFO|created|image|SSP2-Base|2020|steel production, electric, low-alloyed|CAN|0.0|||
2023-12-10 17:22:32,758|steel|INFO|created|image|SSP2-Base|2020|steel production, electric, low-alloyed|CEU|0.0|||
2023-12-10 17:22:32,758|steel|INFO|created|image|SSP2-Base|2020|steel production, electric, low-alloyed|CHN|0.0|||
2023-12-10 17:22:32,758|steel|INFO|created|image|SSP2-Base|2020|steel production, electric, low-alloyed|EAF|0.0|||
2023-12-10 17:22:32,758|steel|INFO|created|image|SSP2-Base|2020|steel production, electric, low-alloyed|INDIA|0.0|||
2023-12-10 17:22:32,758|steel|INFO|created|image|SSP2-Base|2020|steel production, electric, low-alloyed|INDO|0.0|||
2023-12-10 17:22:32,758|steel|INFO|created|image|SSP2-Base|2020|steel production, electric, low-alloyed|JAP|0.0|||
2023-12-10 17:22:32,758|steel|INFO|created|image|SSP2-Base|2020|steel production, electric, low-alloyed|KOR|0.0|||
2023-12-10 17:22:32,758|steel|INFO|created|image|SSP2-Base|2020|steel production, electric, low-alloyed|ME|0.0|||
2023-12-10 17:22:32,758|steel|INFO|created|image|SSP2-Base|2020|steel production, electric, low-alloyed|MEX|0.0|||
2023-12-10 17:22:32,758|steel|INFO|created|image|SSP2-Base|2020|steel production, electric, low-alloyed|NAF|0.0|||
2023-12-10 17:22:32,758|steel|INFO|created|image|SSP2-Base|2020|steel production, electric, low-alloyed|OCE|0.0|||
2023-12-10 17:22:32,758|steel|INFO|created|image|SSP2-Base|2020|steel production, electric, low-alloyed|RCAM|0.0|||
2023-12-10 17:22:32,758|steel|INFO|created|image|SSP2-Base|2020|steel production, electric, low-alloyed|RSAF|0.0|||
2023-12-10 17:22:32,758|steel|INFO|created|image|SSP2-Base|2020|steel production, electric, low-alloyed|RSAM|0.0|||
2023-12-10 17:22:32,758|steel|INFO|created|image|SSP2-Base|2020|steel production, electric, low-alloyed|RSAS|0.0|||
2023-12-10 17:22:32,758|steel|INFO|created|image|SSP2-Base|2020|steel production, electric, low-alloyed|RUS|0.0|||
2023-12-10 17:22:32,758|steel|INFO|created|image|SSP2-Base|2020|steel production, electric, low-alloyed|SAF|0.0|||
2023-12-10 17:22:32,758|steel|INFO|created|image|SSP2-Base|2020|steel production, electric, low-alloyed|SEAS|0.0|||
2023-12-10 17:22:32,758|steel|INFO|created|image|SSP2-Base|2020|steel production, electric, low-alloyed|STAN|0.0|||
2023-12-10 17:22:32,758|steel|INFO|created|image|SSP2-Base|2020|steel production, electric, low-alloyed|TUR|0.0|||
2023-12-10 17:22:32,758|steel|INFO|created|image|SSP2-Base|2020|steel production, electric, low-alloyed|UKR|0.0|||
2023-12-10 17:22:32,758|steel|INFO|created|image|SSP2-Base|2020|steel production, electric, low-alloyed|USA|0.0|||
2023-12-10 17:22:32,758|steel|INFO|created|image|SSP2-Base|2020|steel production, electric, low-alloyed|WAF|0.0|||
2023-12-10 17:22:32,758|steel|INFO|created|image|SSP2-Base|2020|steel production, electric, low-alloyed|WEU|0.0|||
2023-12-10 17:22:32,758|steel|INFO|created|image|SSP2-Base|2020|steel production, electric, low-alloyed|World|0.0|||
2023-12-10 17:22:33,176|steel|INFO|empty|image|SSP2-Base|2020|market for pig iron|RoW||||
2023-12-10 17:22:33,177|steel|INFO|empty|image|SSP2-Base|2020|market for pig iron|RER||||
2023-12-10 17:22:33,180|steel|INFO|created|image|SSP2-Base|2020|market for pig iron|BRA||||
2023-12-10 17:22:33,180|steel|INFO|created|image|SSP2-Base|2020|market for pig iron|CAN||||
2023-12-10 17:22:33,180|steel|INFO|created|image|SSP2-Base|2020|market for pig iron|CEU||||
2023-12-10 17:22:33,180|steel|INFO|created|image|SSP2-Base|2020|market for pig iron|CHN||||
2023-12-10 17:22:33,180|steel|INFO|created|image|SSP2-Base|2020|market for pig iron|EAF||||
2023-12-10 17:22:33,180|steel|INFO|created|image|SSP2-Base|2020|market for pig iron|INDIA||||
2023-12-10 17:22:33,180|steel|INFO|created|image|SSP2-Base|2020|market for pig iron|INDO||||
2023-12-10 17:22:33,180|steel|INFO|created|image|SSP2-Base|2020|market for pig iron|JAP||||
2023-12-10 17:22:33,180|steel|INFO|created|image|SSP2-Base|2020|market for pig iron|KOR||||
2023-12-10 17:22:33,180|steel|INFO|created|image|SSP2-Base|2020|market for pig iron|ME||||
2023-12-10 17:22:33,180|steel|INFO|created|image|SSP2-Base|2020|market for pig iron|MEX||||
2023-12-10 17:22:33,180|steel|INFO|created|image|SSP2-Base|2020|market for pig iron|NAF||||
2023-12-10 17:22:33,180|steel|INFO|created|image|SSP2-Base|2020|market for pig iron|OCE||||
2023-12-10 17:22:33,180|steel|INFO|created|image|SSP2-Base|2020|market for pig iron|RCAM||||
2023-12-10 17:22:33,180|steel|INFO|created|image|SSP2-Base|2020|market for pig iron|RSAF||||
2023-12-10 17:22:33,180|steel|INFO|created|image|SSP2-Base|2020|market for pig iron|RSAM||||
2023-12-10 17:22:33,181|steel|INFO|created|image|SSP2-Base|2020|market for pig iron|RSAS||||
2023-12-10 17:22:33,181|steel|INFO|created|image|SSP2-Base|2020|market for pig iron|RUS||||
2023-12-10 17:22:33,181|steel|INFO|created|image|SSP2-Base|2020|market for pig iron|SAF||||
2023-12-10 17:22:33,181|steel|INFO|created|image|SSP2-Base|2020|market for pig iron|SEAS||||
2023-12-10 17:22:33,181|steel|INFO|created|image|SSP2-Base|2020|market for pig iron|STAN||||
2023-12-10 17:22:33,181|steel|INFO|created|image|SSP2-Base|2020|market for pig iron|TUR||||
2023-12-10 17:22:33,181|steel|INFO|created|image|SSP2-Base|2020|market for pig iron|UKR||||
2023-12-10 17:22:33,181|steel|INFO|created|image|SSP2-Base|2020|market for pig iron|USA||||
2023-12-10 17:22:33,181|steel|INFO|created|image|SSP2-Base|2020|market for pig iron|WAF||||
2023-12-10 17:22:33,181|steel|INFO|created|image|SSP2-Base|2020|market for pig iron|WEU||||
2023-12-10 17:22:33,181|steel|INFO|created|image|SSP2-Base|2020|market for pig iron|World||||
2023-12-10 17:22:33,608|steel|INFO|empty|image|SSP2-Base|2020|pig iron production|RER||||
2023-12-10 17:22:33,608|steel|INFO|empty|image|SSP2-Base|2020|pig iron production|IN||||
2023-12-10 17:22:33,691|steel|INFO|empty|image|SSP2-Base|2020|pig iron production|RoW||||
2023-12-10 17:22:33,752|steel|INFO|created|image|SSP2-Base|2020|pig iron production|BRA|0.0|||
2023-12-10 17:22:33,752|steel|INFO|created|image|SSP2-Base|2020|pig iron production|CAN|0.0|||
2023-12-10 17:22:33,752|steel|INFO|created|image|SSP2-Base|2020|pig iron production|CEU|0.0|||
2023-12-10 17:22:33,752|steel|INFO|created|image|SSP2-Base|2020|pig iron production|CHN|0.0|||
2023-12-10 17:22:33,752|steel|INFO|created|image|SSP2-Base|2020|pig iron production|EAF|0.0|||
2023-12-10 17:22:33,752|steel|INFO|created|image|SSP2-Base|2020|pig iron production|INDIA|0.0|||
2023-12-10 17:22:33,752|steel|INFO|created|image|SSP2-Base|2020|pig iron production|INDO|0.0|||
2023-12-10 17:22:33,752|steel|INFO|created|image|SSP2-Base|2020|pig iron production|JAP|0.0|||
2023-12-10 17:22:33,752|steel|INFO|created|image|SSP2-Base|2020|pig iron production|KOR|0.0|||
2023-12-10 17:22:33,752|steel|INFO|created|image|SSP2-Base|2020|pig iron production|ME|0.0|||
2023-12-10 17:22:33,752|steel|INFO|created|image|SSP2-Base|2020|pig iron production|MEX|0.0|||
2023-12-10 17:22:33,752|steel|INFO|created|image|SSP2-Base|2020|pig iron production|NAF|0.0|||
2023-12-10 17:22:33,752|steel|INFO|created|image|SSP2-Base|2020|pig iron production|OCE|0.0|||
2023-12-10 17:22:33,752|steel|INFO|created|image|SSP2-Base|2020|pig iron production|RCAM|0.0|||
2023-12-10 17:22:33,752|steel|INFO|created|image|SSP2-Base|2020|pig iron production|RSAF|0.0|||
2023-12-10 17:22:33,752|steel|INFO|created|image|SSP2-Base|2020|pig iron production|RSAM|0.0|||
2023-12-10 17:22:33,752|steel|INFO|created|image|SSP2-Base|2020|pig iron production|RSAS|0.0|||
2023-12-10 17:22:33,752|steel|INFO|created|image|SSP2-Base|2020|pig iron production|RUS|0.0|||
2023-12-10 17:22:33,752|steel|INFO|created|image|SSP2-Base|2020|pig iron production|SAF|0.0|||
2023-12-10 17:22:33,752|steel|INFO|created|image|SSP2-Base|2020|pig iron production|SEAS|0.0|||
2023-12-10 17:22:33,752|steel|INFO|created|image|SSP2-Base|2020|pig iron production|STAN|0.0|||
2023-12-10 17:22:33,752|steel|INFO|created|image|SSP2-Base|2020|pig iron production|TUR|0.0|||
2023-12-10 17:22:33,753|steel|INFO|created|image|SSP2-Base|2020|pig iron production|UKR|0.0|||
2023-12-10 17:22:33,753|steel|INFO|created|image|SSP2-Base|2020|pig iron production|USA|0.0|||
2023-12-10 17:22:33,753|steel|INFO|created|image|SSP2-Base|2020|pig iron production|WAF|0.0|||
2023-12-10 17:22:33,753|steel|INFO|created|image|SSP2-Base|2020|pig iron production|WEU|0.0|||
2023-12-10 17:22:33,753|steel|INFO|created|image|SSP2-Base|2020|pig iron production|World|0.0|||
