2023-12-10 17:25:25,889|emissions|INFO|updated|image|SSP2-Base|2020|heat and power co-generation, oil|UA|GAINS-EU|PP_NEWHF|||||||||1.0000000000000009|
2023-12-10 17:25:25,911|emissions|INFO|updated|image|SSP2-Base|2020|electricity production, oil|ES|GAINS-EU|PP_NEWHF|||||||||1.0000000000000002|
2023-12-10 17:25:25,923|emissions|INFO|updated|image|SSP2-Base|2020|heat and power co-generation, lignite|BA|GAINS-EU|PP_NEW_LBC1||||||1.0000000000000002||1.0000000000000002|0.9999999999999989|
2023-12-10 17:25:26,002|emissions|INFO|updated|image|SSP2-Base|2020|electricity production, oil|BA|GAINS-EU|PP_NEWHF|||||||||0.9999999999999977|
2023-12-10 17:25:26,028|emissions|INFO|updated|image|SSP2-Base|2020|heat and power co-generation, oil|RS|GAINS-EU|PP_NEWHF|||||||||1.0000000000000009|
2023-12-10 17:25:26,081|emissions|INFO|updated|image|SSP2-Base|2020|electricity production, oil|UA|GAINS-EU|PP_NEWHF|||||||||1.0000000000000009|
2023-12-10 17:25:26,307|emissions|INFO|updated|image|SSP2-Base|2020|heat and power co-generation, hard coal|UA|GAINS-EU|PP_NEW_LHC1|||||0.487538929348729|0.9999999999999997|||3.11094675131072|
2023-12-10 17:25:26,317|emissions|INFO|updated|image|SSP2-Base|2020|heat and power co-generation, oil|ES|GAINS-EU|PP_NEWHF|||||||||1.0000000000000002|
2023-12-10 17:25:26,400|emissions|INFO|updated|image|SSP2-Base|2020|heat and power co-generation, oil|RS|GAINS-EU|PP_NEWHF|||||||||1.0000000000000009|
2023-12-10 17:25:26,545|emissions|INFO|updated|image|SSP2-Base|2020|heat and power co-generation, lignite|BA|GAINS-EU|PP_NEW_LBC1|||||0.6645082056047795|1.0000000000000002||1.0000000000000002|9.2199813034369|
2023-12-10 17:25:26,566|emissions|INFO|updated|image|SSP2-Base|2020|electricity production, lignite|BA|GAINS-EU|PP_NEW_LBC1|||||0.5961774058724374|1.0000000000000002||1.0000000000000002|1.251253750469119|
2023-12-10 17:25:26,674|emissions|INFO|updated|image|SSP2-Base|2020|heat and power co-generation, oil|UA|GAINS-EU|PP_NEWHF|||||||||1.0000000000000009|
2023-12-10 17:25:26,770|emissions|INFO|updated|image|SSP2-Base|2020|transport, passenger, motor scooter|CH|GAINS-EU|TRA_RD_LD2GSL||||||0.9999999999999999||||
2023-12-10 17:25:26,887|emissions|INFO|updated|image|SSP2-Base|2020|heat and power co-generation, lignite|SI|GAINS-EU|PP_NEW_LBC1|||||1.0000000000000002||||0.9999999999999998|
2023-12-10 17:25:26,910|emissions|INFO|updated|image|SSP2-Base|2020|heat and power co-generation, oil|ES|GAINS-EU|PP_NEWHF|||||||||1.0000000000000002|
2023-12-10 17:25:26,946|emissions|INFO|updated|image|SSP2-Base|2020|water pump operation, diesel|FR|GAINS-EU|PP_ENGMD|||||0.9999999999999997|0.9999999999999991||||
2023-12-10 17:25:26,977|emissions|INFO|updated|image|SSP2-Base|2020|heat and power co-generation, hard coal|SK|GAINS-EU|PP_NEW_LHC1|||||||1.0000000000000009|||
2023-12-10 17:25:27,059|emissions|INFO|updated|image|SSP2-Base|2020|heat and power co-generation, hard coal|UA|GAINS-EU|PP_NEW_LHC1||||||0.9999999999999997|||0.9999999999999997|
2023-12-10 17:25:27,103|emissions|INFO|updated|image|SSP2-Base|2020|heat and power co-generation, lignite|RS|GAINS-EU|PP_NEW_LBC1|||||||||1.0000000000000009|
2023-12-10 17:25:27,112|emissions|INFO|updated|image|SSP2-Base|2020|heat and power co-generation, hard coal|SK|GAINS-EU|PP_NEW_LHC1|||||1.4683015072099934||1.0000000000000009||0.7957297608996124|
2023-12-10 17:25:27,168|emissions|INFO|updated|image|SSP2-Base|2020|electricity production, lignite|MK|GAINS-EU|PP_NEW_LBC1|||||0.7003959499448398|0.9999999999999999|1.0000000000000002||10.172310720611085|
2023-12-10 17:25:27,209|emissions|INFO|updated|image|SSP2-Base|2020|transport, freight train, diesel, with particle filter|CH|GAINS-EU|TRA_OT_RAIMD||||||1.0000000000000002|1.0000000000000002|1.0000000000000002||
2023-12-10 17:25:27,267|emissions|INFO|updated|image|SSP2-Base|2020|transport, freight, lorry, diesel, 26t gross weight, 2010, EURO-V, regional delivery|ME|GAINS-EU|TRA_RD_HDTMD||||||0.9999999999999999|||0.0|1.0000000000000002
2023-12-10 17:25:27,268|emissions|INFO|updated|image|SSP2-Base|2020|transport, freight, lorry, diesel, 40t gross weight, 2010, EURO-V, regional delivery|ME|GAINS-EU|TRA_RD_HDTMD||||||0.9999999999999999|||0.0|1.0000000000000002
2023-12-10 17:25:27,268|emissions|INFO|updated|image|SSP2-Base|2020|transport, freight, lorry, diesel, 26t gross weight, 2010, EURO-V, long haul|ME|GAINS-EU|TRA_RD_HDTMD||||||0.9999999999999999|||0.0|1.0000000000000002
2023-12-10 17:25:27,268|emissions|INFO|updated|image|SSP2-Base|2020|transport, freight, lorry, diesel, 40t gross weight, 2010, EURO-V, long haul|ME|GAINS-EU|TRA_RD_HDTMD||||||0.9999999999999999|||0.0|1.0000000000000002
2023-12-10 17:25:27,334|emissions|INFO|updated|image|SSP2-Base|2020|transport, freight, lorry 7.5-16 metric ton, EURO2|ZA|GAINS-IAM|End_Use_Transport_HDT_HLF|||||||||1.0000000000000004|
2023-12-10 17:25:27,344|emissions|INFO|updated|image|SSP2-Base|2020|transport, passenger coach|CH|GAINS-IAM|End_Use_Transport_HDT_HLF||||||0.9999999999999998||||
2023-12-10 17:25:27,381|emissions|INFO|updated|image|SSP2-Base|2020|electricity production, lignite|BG|GAINS-IAM|Power_Gen_Coal_New|||||0.8948509174526249|0.9999999999999982|0.9999999999999989|1.0000000000000002|2.483429907837658|
2023-12-10 17:25:27,396|emissions|INFO|updated|image|SSP2-Base|2020|heat and power co-generation, lignite|RO|GAINS-IAM|Power_Gen_Coal_New|||||0.9999999999999999|0.9999999999999982|0.9999999999999989|1.0000000000000002|1.0000000000000002|
2023-12-10 17:25:27,427|emissions|INFO|updated|image|SSP2-Base|2020|heat and power co-generation, oil|PL|GAINS-IAM|Power_Gen_HLF|||||||||1.0000000000000002|
2023-12-10 17:25:27,432|emissions|INFO|updated|image|SSP2-Base|2020|electricity production, oil|SI|GAINS-IAM|Power_Gen_HLF|||||||||1.0000000000000002|
2023-12-10 17:25:27,441|emissions|INFO|updated|image|SSP2-Base|2020|heat and power co-generation, oil|UA|GAINS-EU|PP_NEWHF|||||||||1.0000000000000009|
2023-12-10 17:25:27,456|emissions|INFO|updated|image|SSP2-Base|2020|transport, freight, lorry 7.5-16 metric ton, EURO6|RER|GAINS-IAM|End_Use_Transport_HDT_HLF||||||0.9999999999999998||||
2023-12-10 17:25:27,479|emissions|INFO|updated|image|SSP2-Base|2020|heat and power co-generation, oil|SI|GAINS-IAM|Power_Gen_HLF|||||||||1.0000000000000002|
2023-12-10 17:25:27,485|emissions|INFO|updated|image|SSP2-Base|2020|electricity production, oil|ES|GAINS-EU|PP_NEWHF|||||||||1.0000000000000002|
2023-12-10 17:25:27,492|emissions|INFO|updated|image|SSP2-Base|2020|heat and power co-generation, oil|BG|GAINS-IAM|Power_Gen_HLF|||||||||1.0000000000000002|
2023-12-10 17:25:27,499|emissions|INFO|updated|image|SSP2-Base|2020|heat and power co-generation, lignite|BA|GAINS-EU|PP_NEW_LBC1|||||0.9999999999999999|1.0000000000000002|0.9999999999999989|1.0000000000000002|0.9999999999999989|
2023-12-10 17:25:27,502|emissions|INFO|updated|image|SSP2-Base|2020|heat and power co-generation, lignite|HU|GAINS-IAM|Power_Gen_Coal_New|||||0.9999999999999999|0.9999999999999982|0.9999999999999989|1.0000000000000002|1.0000000000000002|
2023-12-10 17:25:27,513|emissions|INFO|updated|image|SSP2-Base|2020|heat and power co-generation, hard coal|PL|GAINS-IAM|Power_Gen_Coal_New|||||0.8673051883590293|0.9999999999999982|0.9999999999999989|1.0000000000000002|1.134906219108355|
2023-12-10 17:25:27,535|emissions|INFO|updated|image|SSP2-Base|2020|heat and power co-generation, lignite|SI|GAINS-IAM|Power_Gen_Coal_New|||||0.5502881954788461|0.9999999999999982|0.9999999999999989|1.0000000000000002|0.14942317291561236|
2023-12-10 17:25:27,614|emissions|INFO|updated|image|SSP2-Base|2020|electricity production, hard coal|HR|GAINS-IAM|Power_Gen_Coal_New|||||0.38598926792838956|0.9999999999999982|0.9999999999999989|1.0000000000000002|0.2304224503114148|
2023-12-10 17:25:27,640|emissions|INFO|updated|image|SSP2-Base|2020|heat and power co-generation, lignite|RO|GAINS-IAM|Power_Gen_Coal_New|||||0.5185646497322365|0.9999999999999982|0.9999999999999989|1.0000000000000002|3.7662881710165226|
2023-12-10 17:25:27,661|emissions|INFO|updated|image|SSP2-Base|2020|electricity production, oil|PL|GAINS-IAM|Power_Gen_HLF|||||||||1.0000000000000002|
2023-12-10 17:25:27,663|emissions|INFO|updated|image|SSP2-Base|2020|electricity production, oil|BA|GAINS-EU|PP_NEWHF|||||||||0.9999999999999977|
2023-12-10 17:25:27,676|emissions|INFO|updated|image|SSP2-Base|2020|transport, freight, lorry 3.5-7.5 metric ton, EURO1|ZA|GAINS-IAM|End_Use_Transport_LDT_HLF|||||||||1.0000000000000004|
2023-12-10 17:25:27,708|emissions|INFO|updated|image|SSP2-Base|2020|transport, freight, lorry 7.5-16 metric ton, EURO3|RER|GAINS-IAM|End_Use_Transport_HDT_HLF||||||0.9999999999999998||||
2023-12-10 17:25:27,713|emissions|INFO|updated|image|SSP2-Base|2020|electricity production, lignite|CA-ON|GAINS-IAM|Power_Gen_Coal_New|||||1.1155802650744848|1.0000000000000004|1.0000000000000002|0.9999999999999999|1.2295509737544346|
2023-12-10 17:25:27,714|emissions|INFO|updated|image|SSP2-Base|2020|transport, regular bus|CH|GAINS-IAM|End_Use_Transport_HDT_HLF||||||0.9999999999999998||||
2023-12-10 17:25:27,721|emissions|INFO|updated|image|SSP2-Base|2020|heat and power co-generation, oil|RS|GAINS-EU|PP_NEWHF|||||||||1.0000000000000009|
2023-12-10 17:25:27,728|emissions|INFO|updated|image|SSP2-Base|2020|electricity production, hard coal|CA-NB|GAINS-IAM|Power_Gen_Coal_New|||||1.1272253752861552|1.0000000000000004|1.0000000000000002|0.9999999999999999|0.8846386240037869|
2023-12-10 17:25:27,733|emissions|INFO|updated|image|SSP2-Base|2020|electricity production, hard coal|CA-NS|GAINS-IAM|Power_Gen_Coal_New|||||1.1272253752861552|1.0000000000000004|1.0000000000000002|0.9999999999999999|0.8846386240037869|
2023-12-10 17:25:27,743|emissions|INFO|updated|image|SSP2-Base|2020|transport, freight, lorry 7.5-16 metric ton, unregulated|ZA|GAINS-IAM|End_Use_Transport_HDT_HLF|||||||||1.0000000000000004|
2023-12-10 17:25:27,792|emissions|INFO|updated|image|SSP2-Base|2020|electricity production, hard coal|CA-QC|GAINS-IAM|Power_Gen_Coal_New|||||0.7045158595538469|1.0000000000000004|1.0000000000000002|0.9999999999999999|1.013100998446581|
2023-12-10 17:25:27,800|emissions|INFO|updated|image|SSP2-Base|2020|heat and power co-generation, oil|HR|GAINS-IAM|Power_Gen_HLF|||||||||1.0000000000000002|
2023-12-10 17:25:27,805|emissions|INFO|updated|image|SSP2-Base|2020|electricity production, oil|BR-South-eastern grid|GAINS-IAM|Power_Gen_HLF|||||1.0000000000000002|0.9999999999999999||||
2023-12-10 17:25:27,807|emissions|INFO|updated|image|SSP2-Base|2020|electricity production, oil|UA|GAINS-EU|PP_NEWHF|||||||||1.0000000000000009|
2023-12-10 17:25:27,811|emissions|INFO|updated|image|SSP2-Base|2020|transport, freight, lorry >32 metric ton, EURO5|RER|GAINS-IAM|End_Use_Transport_HDT_HLF||||||0.9999999999999998||||
2023-12-10 17:25:27,816|emissions|INFO|updated|image|SSP2-Base|2020|electricity production, oil|BR-Southern grid|GAINS-IAM|Power_Gen_HLF|||||1.0000000000000002|0.9999999999999999||||
2023-12-10 17:25:27,820|emissions|INFO|updated|image|SSP2-Base|2020|heat and power co-generation, hard coal|PL|GAINS-IAM|Power_Gen_Coal_New|||||0.9999999999999999|0.9999999999999982|0.9999999999999989|1.0000000000000002|1.0000000000000002|
2023-12-10 17:25:27,832|emissions|INFO|updated|image|SSP2-Base|2020|electricity production, peat|LT|GAINS-IAM|Power_Gen_Coal_Old||||||0.9999999999999999|1.0000000000000002||1.0000000000000002|
2023-12-10 17:25:27,852|emissions|INFO|updated|image|SSP2-Base|2020|transport, freight, lorry 16-32 metric ton, unregulated|ZA|GAINS-IAM|End_Use_Transport_HDT_HLF|||||||||1.0000000000000004|
2023-12-10 17:25:27,906|emissions|INFO|updated|image|SSP2-Base|2020|electricity production, hard coal|MX|GAINS-IAM|Power_Gen_Coal_New|||||0.3563922245205676|||1.0000000000000002|0.8302759003888665|
2023-12-10 17:25:27,918|emissions|INFO|updated|image|SSP2-Base|2020|transport, freight, lorry 3.5-7.5 metric ton, EURO2|ZA|GAINS-IAM|End_Use_Transport_LDT_HLF|||||||||1.0000000000000004|
2023-12-10 17:25:27,943|emissions|INFO|updated|image|SSP2-Base|2020|water pump operation, diesel|BR|GAINS-IAM|Power_Gen_HLF|||||1.0000000000000002|0.9999999999999999||||
2023-12-10 17:25:27,973|emissions|INFO|updated|image|SSP2-Base|2020|heat and power co-generation, hard coal|BG|GAINS-IAM|Power_Gen_Coal_New|||||0.9999999999999999|0.9999999999999982|0.9999999999999989|1.0000000000000002|1.0000000000000002|
2023-12-10 17:25:27,982|emissions|INFO|updated|image|SSP2-Base|2020|electricity production, lignite|RS|GAINS-IAM|Power_Gen_Coal_New|||||0.5689036232722925|0.9999999999999982|0.9999999999999989|1.0000000000000002|0.8280648078065699|
2023-12-10 17:25:28,033|emissions|INFO|updated|image|SSP2-Base|2020|electricity production, lignite|MX|GAINS-IAM|Power_Gen_Coal_New||||||||1.0000000000000002||
2023-12-10 17:25:28,057|emissions|INFO|updated|image|SSP2-Base|2020|transport, freight, lorry >32 metric ton, EURO2|ZA|GAINS-IAM|End_Use_Transport_HDT_HLF|||||||||1.0000000000000004|
2023-12-10 17:25:28,075|emissions|INFO|updated|image|SSP2-Base|2020|electricity production, lignite|CA-SK|GAINS-IAM|Power_Gen_Coal_New|||||1.1155802650744848|1.0000000000000004|1.0000000000000002|0.9999999999999999|1.2295509737544346|
2023-12-10 17:25:28,133|emissions|INFO|updated|image|SSP2-Base|2020|electricity production, lignite|PL|GAINS-IAM|Power_Gen_Coal_New|||||0.8166202918138057|0.9999999999999982|0.9999999999999989|1.0000000000000002|0.7737712121248508|
2023-12-10 17:25:28,186|emissions|INFO|updated|image|SSP2-Base|2020|heat and power co-generation, hard coal|CZ|GAINS-IAM|Power_Gen_Coal_New|||||0.9999999999999999|0.9999999999999982|0.9999999999999989|1.0000000000000002|1.0000000000000002|
2023-12-10 17:25:28,191|emissions|INFO|updated|image|SSP2-Base|2020|electricity production, oil|HR|GAINS-IAM|Power_Gen_HLF|||||||||1.0000000000000002|
2023-12-10 17:25:28,195|emissions|INFO|updated|image|SSP2-Base|2020|electricity production, lignite|HU|GAINS-IAM|Power_Gen_Coal_New|||||0.9557564423772644|0.9999999999999982|0.9999999999999989|1.0000000000000002|0.6344004539862782|
2023-12-10 17:25:28,202|emissions|INFO|updated|image|SSP2-Base|2020|heat production, at hard coal industrial furnace 1-10MW|CA-QC|GAINS-IAM|End_Use_Industry_Coal|||||0.9999999999999998|||||
2023-12-10 17:25:28,206|emissions|INFO|updated|image|SSP2-Base|2020|heat and power co-generation, hard coal|UA|GAINS-EU|PP_NEW_LHC1|||||0.487538929348729|0.9999999999999997|||3.11094675131072|
2023-12-10 17:25:28,208|emissions|INFO|updated|image|SSP2-Base|2020|electricity production, oil|MK|GAINS-IAM|Power_Gen_HLF|||||||||1.0000000000000002|
2023-12-10 17:25:28,209|emissions|INFO|updated|image|SSP2-Base|2020|heat and power co-generation, lignite|SK|GAINS-IAM|Power_Gen_Coal_New|||||0.9999999999999999|0.9999999999999982|0.9999999999999989|1.0000000000000002|1.0000000000000002|
2023-12-10 17:25:28,222|emissions|INFO|updated|image|SSP2-Base|2020|heat and power co-generation, oil|ES|GAINS-EU|PP_NEWHF|||||||||1.0000000000000002|
2023-12-10 17:25:28,232|emissions|INFO|updated|image|SSP2-Base|2020|transport, freight train, diesel|IN|GAINS-IAM|End_Use_Transport_OFF_HLF|||||||||0.9999999999999998|
2023-12-10 17:25:28,289|emissions|INFO|updated|image|SSP2-Base|2020|smelting of copper concentrate, sulfide ore|RU|GAINS-IAM|CUSM|||||||||0.9999999999999998|
2023-12-10 17:25:28,300|emissions|INFO|updated|image|SSP2-Base|2020|heat and power co-generation, lignite|BG|GAINS-IAM|Power_Gen_Coal_New|||||0.3344824122725146|0.9999999999999982|0.9999999999999989|1.0000000000000002|1.3489209525537|
2023-12-10 17:25:28,325|emissions|INFO|updated|image|SSP2-Base|2020|electricity production, oil|BR-North-eastern grid|GAINS-IAM|Power_Gen_HLF|||||1.0000000000000002|0.9999999999999999||||
2023-12-10 17:25:28,367|emissions|INFO|updated|image|SSP2-Base|2020|heat and power co-generation, oil|LT|GAINS-IAM|Power_Gen_HLF|||||||||1.0000000000000002|
2023-12-10 17:25:28,393|emissions|INFO|updated|image|SSP2-Base|2020|heat and power co-generation, lignite|BG|GAINS-IAM|Power_Gen_Coal_New|||||0.9999999999999999|0.9999999999999982|0.9999999999999989|1.0000000000000002|1.0000000000000002|
2023-12-10 17:25:28,399|emissions|INFO|updated|image|SSP2-Base|2020|heat and power co-generation, oil|RS|GAINS-EU|PP_NEWHF|||||||||1.0000000000000009|
2023-12-10 17:25:28,412|emissions|INFO|updated|image|SSP2-Base|2020|electricity production, hard coal|JP|GAINS-IAM|Power_Gen_Coal_New|||||0.4222882667248057|0.9999999999999998|||0.2378365792636099|
2023-12-10 17:25:28,418|emissions|INFO|updated|image|SSP2-Base|2020|heat and power co-generation, lignite|SK|GAINS-IAM|Power_Gen_Coal_New|||||1.0132620344906889|0.9999999999999982|0.9999999999999989|1.0000000000000002|2.243815350885916|
2023-12-10 17:25:28,442|emissions|INFO|updated|image|SSP2-Base|2020|transport, freight, lorry >32 metric ton, EURO4|RER|GAINS-IAM|End_Use_Transport_HDT_HLF||||||0.9999999999999998||||
2023-12-10 17:25:28,461|emissions|INFO|updated|image|SSP2-Base|2020|heat and power co-generation, oil|SI|GAINS-IAM|Power_Gen_HLF|||||||||1.0000000000000002|
2023-12-10 17:25:28,466|emissions|INFO|updated|image|SSP2-Base|2020|transport, freight, lorry 16-32 metric ton, EURO3|RER|GAINS-IAM|End_Use_Transport_HDT_HLF||||||0.9999999999999998||||
2023-12-10 17:25:28,495|emissions|INFO|updated|image|SSP2-Base|2020|electricity production, hard coal|CZ|GAINS-IAM|Power_Gen_Coal_New|||||0.9175308318920203|0.9999999999999982|0.9999999999999989|1.0000000000000002|1.5865665710232262|
2023-12-10 17:25:28,591|emissions|INFO|updated|image|SSP2-Base|2020|electricity production, oil|LV|GAINS-IAM|Power_Gen_HLF|||||||||1.0000000000000002|
2023-12-10 17:25:28,595|emissions|INFO|updated|image|SSP2-Base|2020|electricity production, hard coal|BG|GAINS-IAM|Power_Gen_Coal_New|||||1.8586511688467953|0.9999999999999982|0.9999999999999989|1.0000000000000002|0.26832188927886697|
2023-12-10 17:25:28,598|emissions|INFO|updated|image|SSP2-Base|2020|heat and power co-generation, oil|HR|GAINS-IAM|Power_Gen_HLF|||||||||1.0000000000000002|
2023-12-10 17:25:28,606|emissions|INFO|updated|image|SSP2-Base|2020|heat and power co-generation, oil|PL|GAINS-IAM|Power_Gen_HLF|||||||||1.0000000000000002|
2023-12-10 17:25:28,627|emissions|INFO|updated|image|SSP2-Base|2020|electricity production, oil|EE|GAINS-IAM|Power_Gen_HLF|||||||||1.0000000000000002|
2023-12-10 17:25:28,632|emissions|INFO|updated|image|SSP2-Base|2020|heat and power co-generation, lignite|BA|GAINS-EU|PP_NEW_LBC1|||||0.6645082056047795|1.0000000000000002|0.9999999999999989|1.0000000000000002|9.2199813034369|
2023-12-10 17:25:28,635|emissions|INFO|updated|image|SSP2-Base|2020|electricity production, peat|FI|GAINS-IAM|Power_Gen_Coal_Old||||||1.0000000000000002||||
2023-12-10 17:25:28,641|emissions|INFO|updated|image|SSP2-Base|2020|electricity production, lignite|RO|GAINS-IAM|Power_Gen_Coal_New|||||1.7136195919984103|0.9999999999999982|0.9999999999999989|1.0000000000000002|1.7636687933026578|
2023-12-10 17:25:28,642|emissions|INFO|updated|image|SSP2-Base|2020|heat and power co-generation, oil|RO|GAINS-IAM|Power_Gen_HLF|||||||||1.0000000000000002|
2023-12-10 17:25:28,645|emissions|INFO|updated|image|SSP2-Base|2020|electricity production, lignite|BA|GAINS-EU|PP_NEW_LBC1|||||0.5961774058724374|1.0000000000000002|0.9999999999999989|1.0000000000000002|1.251253750469119|
2023-12-10 17:25:28,647|emissions|INFO|updated|image|SSP2-Base|2020|electricity production, oil|LT|GAINS-IAM|Power_Gen_HLF|||||||||1.0000000000000002|
2023-12-10 17:25:28,692|emissions|INFO|updated|image|SSP2-Base|2020|transport, freight, lorry 16-32 metric ton, EURO4|RER|GAINS-IAM|End_Use_Transport_HDT_HLF||||||0.9999999999999998||||
2023-12-10 17:25:28,729|emissions|INFO|updated|image|SSP2-Base|2020|electricity production, oil|SK|GAINS-IAM|Power_Gen_HLF|||||||||1.0000000000000002|
2023-12-10 17:25:28,730|emissions|INFO|updated|image|SSP2-Base|2020|smelting of copper concentrate, sulfide ore|RU|GAINS-IAM|CUSM|||||||||0.9999999999999998|
2023-12-10 17:25:28,738|emissions|INFO|updated|image|SSP2-Base|2020|nitric acid production, product in 50% solution state|RER w/o RU|GAINS-IAM|NACID|||1.0000000000000002|||||||
2023-12-10 17:25:28,779|emissions|INFO|updated|image|SSP2-Base|2020|heat and power co-generation, oil|BG|GAINS-IAM|Power_Gen_HLF|||||||||1.0000000000000002|
2023-12-10 17:25:28,823|emissions|INFO|updated|image|SSP2-Base|2020|transport, freight, lorry 16-32 metric ton, EURO2|ZA|GAINS-IAM|End_Use_Transport_HDT_HLF|||||||||1.0000000000000004|
2023-12-10 17:25:28,828|emissions|INFO|updated|image|SSP2-Base|2020|electricity production, hard coal|EE|GAINS-IAM|Power_Gen_Coal_New|||||0.9999999999999999|0.9999999999999982|0.9999999999999989|1.0000000000000002|1.0000000000000002|
2023-12-10 17:25:28,848|emissions|INFO|updated|image|SSP2-Base|2020|transport, freight, lorry >32 metric ton, unregulated|ZA|GAINS-IAM|End_Use_Transport_HDT_HLF|||||||||1.0000000000000004|
2023-12-10 17:25:28,858|emissions|INFO|updated|image|SSP2-Base|2020|transport, freight, lorry 16-32 metric ton, EURO5|RER|GAINS-IAM|End_Use_Transport_HDT_HLF||||||0.9999999999999998||||
2023-12-10 17:25:28,864|emissions|INFO|updated|image|SSP2-Base|2020|heat and power co-generation, lignite|PL|GAINS-IAM|Power_Gen_Coal_New|||||0.9999999999999999|0.9999999999999982|0.9999999999999989|1.0000000000000002|1.0000000000000002|
2023-12-10 17:25:28,876|emissions|INFO|updated|image|SSP2-Base|2020|transport, freight, lorry >32 metric ton, EURO3|RER|GAINS-IAM|End_Use_Transport_HDT_HLF||||||0.9999999999999998||||
2023-12-10 17:25:28,911|emissions|INFO|updated|image|SSP2-Base|2020|heat and power co-generation, oil|UA|GAINS-EU|PP_NEWHF|||||||||1.0000000000000009|
2023-12-10 17:25:28,928|emissions|INFO|updated|image|SSP2-Base|2020|heat and power co-generation, oil|EE|GAINS-IAM|Power_Gen_HLF|||||||||1.0000000000000002|
2023-12-10 17:25:28,959|emissions|INFO|updated|image|SSP2-Base|2020|transport, freight, lorry 16-32 metric ton, EURO1|ZA|GAINS-IAM|End_Use_Transport_HDT_HLF|||||||||1.0000000000000004|
2023-12-10 17:25:28,964|emissions|INFO|updated|image|SSP2-Base|2020|transport, freight, lorry 7.5-16 metric ton, EURO5|RER|GAINS-IAM|End_Use_Transport_HDT_HLF||||||0.9999999999999998||||
2023-12-10 17:25:28,978|emissions|INFO|updated|image|SSP2-Base|2020|transport, freight, lorry 7.5-16 metric ton, EURO4|RER|GAINS-IAM|End_Use_Transport_HDT_HLF||||||0.9999999999999998||||
2023-12-10 17:25:28,989|emissions|INFO|updated|image|SSP2-Base|2020|electricity production, oil|BG|GAINS-IAM|Power_Gen_HLF|||||||||1.0000000000000002|
2023-12-10 17:25:29,008|emissions|INFO|updated|image|SSP2-Base|2020|transport, freight, lorry >32 metric ton, EURO1|ZA|GAINS-IAM|End_Use_Transport_HDT_HLF|||||||||1.0000000000000004|
2023-12-10 17:25:29,022|emissions|INFO|updated|image|SSP2-Base|2020|heat and power co-generation, oil|LV|GAINS-IAM|Power_Gen_HLF|||||||||1.0000000000000002|
2023-12-10 17:25:29,058|emissions|INFO|updated|image|SSP2-Base|2020|transport, passenger, motor scooter|CH|GAINS-EU|TRA_RD_LD2GSL||||||0.9999999999999999||||
2023-12-10 17:25:29,082|emissions|INFO|updated|image|SSP2-Base|2020|electricity production, oil|CY|GAINS-IAM|Power_Gen_HLF|||||||||1.0000000000000002|
2023-12-10 17:25:29,093|emissions|INFO|updated|image|SSP2-Base|2020|heat and power co-generation, oil|RO|GAINS-IAM|Power_Gen_HLF|||||||||1.0000000000000002|
2023-12-10 17:25:29,175|emissions|INFO|updated|image|SSP2-Base|2020|heat and power co-generation, hard coal|CZ|GAINS-IAM|Power_Gen_Coal_New|||||0.7595984739836739|0.9999999999999982|0.9999999999999989|1.0000000000000002|4.971881000640013|
2023-12-10 17:25:29,196|emissions|INFO|updated|image|SSP2-Base|2020|heat and power co-generation, oil|CZ|GAINS-IAM|Power_Gen_HLF|||||||||1.0000000000000002|
2023-12-10 17:25:29,225|emissions|INFO|updated|image|SSP2-Base|2020|heat production, at coal coke industrial furnace 1-10MW|CA-QC|GAINS-IAM|End_Use_Industry_Coal|||||0.9999999999999998|||||
2023-12-10 17:25:29,239|emissions|INFO|updated|image|SSP2-Base|2020|heat and power co-generation, hard coal|BG|GAINS-IAM|Power_Gen_Coal_New|||||1.5168488724180724|0.9999999999999982|0.9999999999999989|1.0000000000000002|1.4004948219145827|
2023-12-10 17:25:29,252|emissions|INFO|updated|image|SSP2-Base|2020|electricity production, oil|HU|GAINS-IAM|Power_Gen_HLF|||||||||1.0000000000000002|
2023-12-10 17:25:29,257|emissions|INFO|updated|image|SSP2-Base|2020|transport, freight, lorry 3.5-7.5 metric ton, unregulated|ZA|GAINS-IAM|End_Use_Transport_LDT_HLF|||||||||1.0000000000000004|
2023-12-10 17:25:29,261|emissions|INFO|updated|image|SSP2-Base|2020|heat and power co-generation, oil|HU|GAINS-IAM|Power_Gen_HLF|||||||||1.0000000000000002|
2023-12-10 17:25:29,265|emissions|INFO|updated|image|SSP2-Base|2020|heat and power co-generation, lignite|SI|GAINS-EU|PP_NEW_LBC1|||||1.0000000000000002|0.9999999999999982|0.9999999999999989|1.0000000000000002|0.9999999999999998|
2023-12-10 17:25:29,287|emissions|INFO|updated|image|SSP2-Base|2020|heat and power co-generation, lignite|CZ|GAINS-IAM|Power_Gen_Coal_New|||||0.9999999999999999|0.9999999999999982|0.9999999999999989|1.0000000000000002|1.0000000000000002|
2023-12-10 17:25:29,296|emissions|INFO|updated|image|SSP2-Base|2020|heat and power co-generation, oil|LT|GAINS-IAM|Power_Gen_HLF|||||||||1.0000000000000002|
2023-12-10 17:25:29,310|emissions|INFO|updated|image|SSP2-Base|2020|heat and power co-generation, oil|ES|GAINS-EU|PP_NEWHF|||||||||1.0000000000000002|
2023-12-10 17:25:29,329|emissions|INFO|updated|image|SSP2-Base|2020|heat and power co-generation, oil|HU|GAINS-IAM|Power_Gen_HLF|||||||||1.0000000000000002|
2023-12-10 17:25:29,334|emissions|INFO|updated|image|SSP2-Base|2020|electricity production, lignite|HR|GAINS-IAM|Power_Gen_Coal_New|||||0.9999999999999999|0.9999999999999982|0.9999999999999989|1.0000000000000002|1.0000000000000002|
2023-12-10 17:25:29,359|emissions|INFO|updated|image|SSP2-Base|2020|electricity production, lignite|CA-NS|GAINS-IAM|Power_Gen_Coal_New|||||0.7799189463795072|1.0000000000000004|1.0000000000000002|0.9999999999999999|0.6988095462345348|
2023-12-10 17:25:29,373|emissions|INFO|updated|image|SSP2-Base|2020|water pump operation, diesel|FR|GAINS-EU|PP_ENGMD|||||0.9999999999999997|0.9999999999999991||||
2023-12-10 17:25:29,424|emissions|INFO|updated|image|SSP2-Base|2020|heat and power co-generation, hard coal|SK|GAINS-EU|PP_NEW_LHC1|||||0.9999999999999999|0.9999999999999982|1.0000000000000009|1.0000000000000002|1.0000000000000002|
2023-12-10 17:25:29,453|emissions|INFO|updated|image|SSP2-Base|2020|electricity production, hard coal|CA-ON|GAINS-IAM|Power_Gen_Coal_New|||||1.1272253752861552|1.0000000000000004|1.0000000000000002|0.9999999999999999|0.8846386240037869|
2023-12-10 17:25:29,489|emissions|INFO|updated|image|SSP2-Base|2020|electricity production, lignite|CA-AB|GAINS-IAM|Power_Gen_Coal_New|||||1.1155802650744848|1.0000000000000004|1.0000000000000002|0.9999999999999999|1.2295509737544346|
2023-12-10 17:25:29,499|emissions|INFO|updated|image|SSP2-Base|2020|heat and power co-generation, oil|EE|GAINS-IAM|Power_Gen_HLF|||||||||1.0000000000000002|
2023-12-10 17:25:29,515|emissions|INFO|updated|image|SSP2-Base|2020|electricity production, oil|BR-Northern grid|GAINS-IAM|Power_Gen_HLF|||||1.0000000000000002|0.9999999999999999||||
2023-12-10 17:25:29,574|emissions|INFO|updated|image|SSP2-Base|2020|transport, freight, lorry >32 metric ton, EURO6|RER|GAINS-IAM|End_Use_Transport_HDT_HLF||||||0.9999999999999998||||
2023-12-10 17:25:29,576|emissions|INFO|updated|image|SSP2-Base|2020|electricity production, lignite|SI|GAINS-IAM|Power_Gen_Coal_New|||||0.6094899836510443|0.9999999999999982|0.9999999999999989|1.0000000000000002|0.061119621704081674|
2023-12-10 17:25:29,599|emissions|INFO|updated|image|SSP2-Base|2020|heat and power co-generation, hard coal|UA|GAINS-EU|PP_NEW_LHC1||||||0.9999999999999997|||0.9999999999999997|
2023-12-10 17:25:29,602|emissions|INFO|updated|image|SSP2-Base|2020|heat and power co-generation, lignite|HU|GAINS-IAM|Power_Gen_Coal_New|||||0.6399591599822868|0.9999999999999982|0.9999999999999989|1.0000000000000002|2.588487793685156|
2023-12-10 17:25:29,609|emissions|INFO|updated|image|SSP2-Base|2020|electricity production, oil|RO|GAINS-IAM|Power_Gen_HLF|||||||||1.0000000000000002|
2023-12-10 17:25:29,630|emissions|INFO|updated|image|SSP2-Base|2020|heat and power co-generation, oil|LV|GAINS-IAM|Power_Gen_HLF|||||||||1.0000000000000002|
2023-12-10 17:25:29,635|emissions|INFO|updated|image|SSP2-Base|2020|nitric acid production, product in 50% solution state|RER w/o RU|GAINS-IAM|NACID|||1.0000000000000002|||||||
2023-12-10 17:25:29,639|emissions|INFO|updated|image|SSP2-Base|2020|electricity production, peat|SE|GAINS-IAM|Power_Gen_Coal_Old||||||1.0000000000000002||||
2023-12-10 17:25:29,651|emissions|INFO|updated|image|SSP2-Base|2020|heat and power co-generation, lignite|RS|GAINS-EU|PP_NEW_LBC1|||||0.9999999999999999|0.9999999999999982|0.9999999999999989|1.0000000000000002|1.0000000000000009|
2023-12-10 17:25:29,653|emissions|INFO|updated|image|SSP2-Base|2020|heat and power co-generation, oil|SK|GAINS-IAM|Power_Gen_HLF|||||||||1.0000000000000002|
2023-12-10 17:25:29,665|emissions|INFO|updated|image|SSP2-Base|2020|electricity production, hard coal|CA-PE|GAINS-IAM|Power_Gen_Coal_New|||||0.7045158595538469|1.0000000000000004|1.0000000000000002|0.9999999999999999|1.013100998446581|
2023-12-10 17:25:29,666|emissions|INFO|updated|image|SSP2-Base|2020|heat and power co-generation, hard coal|SK|GAINS-EU|PP_NEW_LHC1|||||1.4683015072099934|0.9999999999999982|1.0000000000000009|1.0000000000000002|0.7957297608996124|
2023-12-10 17:25:29,691|emissions|INFO|updated|image|SSP2-Base|2020|transport, freight, lorry 7.5-16 metric ton, EURO1|ZA|GAINS-IAM|End_Use_Transport_HDT_HLF|||||||||1.0000000000000004|
2023-12-10 17:25:29,695|emissions|INFO|updated|image|SSP2-Base|2020|electricity production, peat|EE|GAINS-IAM|Power_Gen_Coal_Old||||||0.9999999999999999|1.0000000000000002||1.0000000000000002|
2023-12-10 17:25:29,720|emissions|INFO|updated|image|SSP2-Base|2020|heat and power co-generation, lignite|CZ|GAINS-IAM|Power_Gen_Coal_New|||||0.8936153112329296|0.9999999999999982|0.9999999999999989|1.0000000000000002|1.5104592575352005|
2023-12-10 17:25:29,728|emissions|INFO|updated|image|SSP2-Base|2020|electricity production, oil|BR-Mid-western grid|GAINS-IAM|Power_Gen_HLF|||||1.0000000000000002|0.9999999999999999||||
2023-12-10 17:25:29,734|emissions|INFO|updated|image|SSP2-Base|2020|heat and power co-generation, oil|SK|GAINS-IAM|Power_Gen_HLF|||||||||1.0000000000000002|
2023-12-10 17:25:29,736|emissions|INFO|updated|image|SSP2-Base|2020|electricity production, oil|CZ|GAINS-IAM|Power_Gen_HLF|||||||||1.0000000000000002|
2023-12-10 17:25:29,744|emissions|INFO|updated|image|SSP2-Base|2020|transport, freight, lorry 16-32 metric ton, EURO6|RER|GAINS-IAM|End_Use_Transport_HDT_HLF||||||0.9999999999999998||||
2023-12-10 17:25:29,749|emissions|INFO|updated|image|SSP2-Base|2020|electricity production, lignite|CA-MB|GAINS-IAM|Power_Gen_Coal_New|||||1.1155802650744848|1.0000000000000004|1.0000000000000002|0.9999999999999999|1.2295509737544346|
2023-12-10 17:25:29,770|emissions|INFO|updated|image|SSP2-Base|2020|electricity production, lignite|MK|GAINS-EU|PP_NEW_LBC1|||||0.7003959499448398|0.9999999999999999|1.0000000000000002|1.0000000000000002|10.172310720611085|
2023-12-10 17:25:29,777|emissions|INFO|updated|image|SSP2-Base|2020|electricity production, hard coal|LV|GAINS-IAM|Power_Gen_Coal_New|||||0.9999999999999999|0.9999999999999982|0.9999999999999989|1.0000000000000002|1.0000000000000002|
2023-12-10 17:25:29,779|emissions|INFO|updated|image|SSP2-Base|2020|electricity production, peat|IE|GAINS-IAM|Power_Gen_Coal_Old||||||1.0000000000000002||||
2023-12-10 17:25:29,785|emissions|INFO|updated|image|SSP2-Base|2020|heat and power co-generation, lignite|RS|GAINS-IAM|Power_Gen_Coal_New|||||0.6089691806490762|0.9999999999999982|0.9999999999999989|1.0000000000000002|0.8311652284189383|
2023-12-10 17:25:29,787|emissions|INFO|updated|image|SSP2-Base|2020|electricity production, lignite|CZ|GAINS-IAM|Power_Gen_Coal_New|||||0.8410391778115779|0.9999999999999982|0.9999999999999989|1.0000000000000002|0.669297316970685|
2023-12-10 17:25:29,846|emissions|INFO|updated|image|SSP2-Base|2020|transport, freight train, diesel, with particle filter|CH|GAINS-EU|TRA_OT_RAIMD||||||1.0000000000000002|1.0000000000000002|1.0000000000000002||
2023-12-10 17:25:29,859|emissions|INFO|updated|image|SSP2-Base|2020|electricity production, hard coal|CA-AB|GAINS-IAM|Power_Gen_Coal_New|||||1.1272253752861552|1.0000000000000004|1.0000000000000002|0.9999999999999999|0.8846386240037869|
2023-12-10 17:25:29,879|emissions|INFO|updated|image|SSP2-Base|2020|heat and power co-generation, oil|CZ|GAINS-IAM|Power_Gen_HLF|||||||||1.0000000000000002|
2023-12-10 17:25:29,886|emissions|INFO|updated|image|SSP2-Base|2020|heat and power co-generation, lignite|PL|GAINS-IAM|Power_Gen_Coal_New|||||0.6761168601648745|0.9999999999999982|0.9999999999999989|1.0000000000000002|0.8387428100091834|
2023-12-10 17:25:29,919|emissions|INFO|updated|image|SSP2-Base|2020|transport, freight, lorry, diesel, 26t gross weight, 2010, EURO-V, regional delivery|RER|GAINS-IAM|End_Use_Transport_HDT_HLF||||||0.9999999999999998||||
2023-12-10 17:25:29,920|emissions|INFO|updated|image|SSP2-Base|2020|transport, freight, lorry, diesel, 40t gross weight, 2010, EURO-V, regional delivery|RER|GAINS-IAM|End_Use_Transport_HDT_HLF||||||0.9999999999999998||||
2023-12-10 17:25:29,920|emissions|INFO|updated|image|SSP2-Base|2020|transport, freight, lorry, diesel, 26t gross weight, 2010, EURO-V, long haul|RER|GAINS-IAM|End_Use_Transport_HDT_HLF||||||0.9999999999999998||||
2023-12-10 17:25:29,920|emissions|INFO|updated|image|SSP2-Base|2020|transport, freight, lorry, diesel, 40t gross weight, 2010, EURO-V, long haul|RER|GAINS-IAM|End_Use_Transport_HDT_HLF||||||0.9999999999999998||||
2023-12-10 17:25:29,931|emissions|INFO|updated|image|SSP2-Base|2020|transport, freight, lorry, diesel, 26t gross weight, 2010, EURO-V, regional delivery|EAF|GAINS-IAM|End_Use_Transport_HDT_HLF|||||||||1.0000000000000004|
2023-12-10 17:25:29,933|emissions|INFO|updated|image|SSP2-Base|2020|transport, freight, lorry, diesel, 26t gross weight, 2010, EURO-V, regional delivery|INDIA|GAINS-IAM|End_Use_Transport_HDT_HLF||||||0.9999999999999999||||
2023-12-10 17:25:29,941|emissions|INFO|updated|image|SSP2-Base|2020|transport, freight, lorry, diesel, 26t gross weight, 2010, EURO-V, regional delivery|ME|GAINS-EU|TRA_RD_HDTMD||||||0.9999999999999999|||0.0|1.0000000000000002
2023-12-10 17:25:29,946|emissions|INFO|updated|image|SSP2-Base|2020|transport, freight, lorry, diesel, 26t gross weight, 2010, EURO-V, regional delivery|NAF|GAINS-IAM|End_Use_Transport_HDT_HLF|||||||||1.0000000000000004|
2023-12-10 17:25:29,958|emissions|INFO|updated|image|SSP2-Base|2020|transport, freight, lorry, diesel, 26t gross weight, 2010, EURO-V, regional delivery|SAF|GAINS-IAM|End_Use_Transport_HDT_HLF|||||||||1.0000000000000004|
2023-12-10 17:25:29,963|emissions|INFO|updated|image|SSP2-Base|2020|transport, freight, lorry, diesel, 26t gross weight, 2010, EURO-V, regional delivery|STAN|GAINS-IAM|End_Use_Transport_HDT_HLF||||||0.9999999999999998||||
2023-12-10 17:25:29,965|emissions|INFO|updated|image|SSP2-Base|2020|transport, freight, lorry, diesel, 26t gross weight, 2010, EURO-V, regional delivery|TUR|GAINS-IAM|End_Use_Transport_HDT_HLF|||||||||1.0000000000000004|
2023-12-10 17:25:29,972|emissions|INFO|updated|image|SSP2-Base|2020|transport, freight, lorry, diesel, 26t gross weight, 2010, EURO-V, regional delivery|WAF|GAINS-IAM|End_Use_Transport_HDT_HLF|||||||||1.0000000000000004|
2023-12-10 17:25:29,974|emissions|INFO|updated|image|SSP2-Base|2020|transport, freight, lorry, diesel, 26t gross weight, 2010, EURO-V, regional delivery|WEU|GAINS-IAM|End_Use_Transport_HDT_HLF||||||0.9999999999999998||||
2023-12-10 17:25:29,984|emissions|INFO|updated|image|SSP2-Base|2020|transport, freight, lorry, diesel, 40t gross weight, 2010, EURO-V, regional delivery|EAF|GAINS-IAM|End_Use_Transport_HDT_HLF|||||||||1.0000000000000004|
2023-12-10 17:25:29,986|emissions|INFO|updated|image|SSP2-Base|2020|transport, freight, lorry, diesel, 40t gross weight, 2010, EURO-V, regional delivery|INDIA|GAINS-IAM|End_Use_Transport_HDT_HLF||||||0.9999999999999999||||
2023-12-10 17:25:29,995|emissions|INFO|updated|image|SSP2-Base|2020|transport, freight, lorry, diesel, 40t gross weight, 2010, EURO-V, regional delivery|ME|GAINS-EU|TRA_RD_HDTMD||||||0.9999999999999999|||0.0|1.0000000000000002
2023-12-10 17:25:29,999|emissions|INFO|updated|image|SSP2-Base|2020|transport, freight, lorry, diesel, 40t gross weight, 2010, EURO-V, regional delivery|NAF|GAINS-IAM|End_Use_Transport_HDT_HLF|||||||||1.0000000000000004|
2023-12-10 17:25:30,012|emissions|INFO|updated|image|SSP2-Base|2020|transport, freight, lorry, diesel, 40t gross weight, 2010, EURO-V, regional delivery|SAF|GAINS-IAM|End_Use_Transport_HDT_HLF|||||||||1.0000000000000004|
2023-12-10 17:25:30,016|emissions|INFO|updated|image|SSP2-Base|2020|transport, freight, lorry, diesel, 40t gross weight, 2010, EURO-V, regional delivery|STAN|GAINS-IAM|End_Use_Transport_HDT_HLF||||||0.9999999999999998||||
2023-12-10 17:25:30,018|emissions|INFO|updated|image|SSP2-Base|2020|transport, freight, lorry, diesel, 40t gross weight, 2010, EURO-V, regional delivery|TUR|GAINS-IAM|End_Use_Transport_HDT_HLF|||||||||1.0000000000000004|
2023-12-10 17:25:30,025|emissions|INFO|updated|image|SSP2-Base|2020|transport, freight, lorry, diesel, 40t gross weight, 2010, EURO-V, regional delivery|WAF|GAINS-IAM|End_Use_Transport_HDT_HLF|||||||||1.0000000000000004|
2023-12-10 17:25:30,027|emissions|INFO|updated|image|SSP2-Base|2020|transport, freight, lorry, diesel, 40t gross weight, 2010, EURO-V, regional delivery|WEU|GAINS-IAM|End_Use_Transport_HDT_HLF||||||0.9999999999999998||||
2023-12-10 17:25:30,037|emissions|INFO|updated|image|SSP2-Base|2020|transport, freight, lorry, diesel, 26t gross weight, 2010, EURO-V, long haul|EAF|GAINS-IAM|End_Use_Transport_HDT_HLF|||||||||1.0000000000000004|
2023-12-10 17:25:30,039|emissions|INFO|updated|image|SSP2-Base|2020|transport, freight, lorry, diesel, 26t gross weight, 2010, EURO-V, long haul|INDIA|GAINS-IAM|End_Use_Transport_HDT_HLF||||||0.9999999999999999||||
2023-12-10 17:25:30,047|emissions|INFO|updated|image|SSP2-Base|2020|transport, freight, lorry, diesel, 26t gross weight, 2010, EURO-V, long haul|ME|GAINS-EU|TRA_RD_HDTMD||||||0.9999999999999999|||0.0|1.0000000000000002
2023-12-10 17:25:30,050|emissions|INFO|updated|image|SSP2-Base|2020|transport, freight, lorry, diesel, 26t gross weight, 2010, EURO-V, long haul|NAF|GAINS-IAM|End_Use_Transport_HDT_HLF|||||||||1.0000000000000004|
2023-12-10 17:25:30,062|emissions|INFO|updated|image|SSP2-Base|2020|transport, freight, lorry, diesel, 26t gross weight, 2010, EURO-V, long haul|SAF|GAINS-IAM|End_Use_Transport_HDT_HLF|||||||||1.0000000000000004|
2023-12-10 17:25:30,066|emissions|INFO|updated|image|SSP2-Base|2020|transport, freight, lorry, diesel, 26t gross weight, 2010, EURO-V, long haul|STAN|GAINS-IAM|End_Use_Transport_HDT_HLF||||||0.9999999999999998||||
2023-12-10 17:25:30,068|emissions|INFO|updated|image|SSP2-Base|2020|transport, freight, lorry, diesel, 26t gross weight, 2010, EURO-V, long haul|TUR|GAINS-IAM|End_Use_Transport_HDT_HLF|||||||||1.0000000000000004|
2023-12-10 17:25:30,074|emissions|INFO|updated|image|SSP2-Base|2020|transport, freight, lorry, diesel, 26t gross weight, 2010, EURO-V, long haul|WAF|GAINS-IAM|End_Use_Transport_HDT_HLF|||||||||1.0000000000000004|
2023-12-10 17:25:30,076|emissions|INFO|updated|image|SSP2-Base|2020|transport, freight, lorry, diesel, 26t gross weight, 2010, EURO-V, long haul|WEU|GAINS-IAM|End_Use_Transport_HDT_HLF||||||0.9999999999999998||||
2023-12-10 17:25:30,085|emissions|INFO|updated|image|SSP2-Base|2020|transport, freight, lorry, diesel, 40t gross weight, 2010, EURO-V, long haul|EAF|GAINS-IAM|End_Use_Transport_HDT_HLF|||||||||1.0000000000000004|
2023-12-10 17:25:30,087|emissions|INFO|updated|image|SSP2-Base|2020|transport, freight, lorry, diesel, 40t gross weight, 2010, EURO-V, long haul|INDIA|GAINS-IAM|End_Use_Transport_HDT_HLF||||||0.9999999999999999||||
2023-12-10 17:25:30,095|emissions|INFO|updated|image|SSP2-Base|2020|transport, freight, lorry, diesel, 40t gross weight, 2010, EURO-V, long haul|ME|GAINS-EU|TRA_RD_HDTMD||||||0.9999999999999999|||0.0|1.0000000000000002
2023-12-10 17:25:30,099|emissions|INFO|updated|image|SSP2-Base|2020|transport, freight, lorry, diesel, 40t gross weight, 2010, EURO-V, long haul|NAF|GAINS-IAM|End_Use_Transport_HDT_HLF|||||||||1.0000000000000004|
2023-12-10 17:25:30,111|emissions|INFO|updated|image|SSP2-Base|2020|transport, freight, lorry, diesel, 40t gross weight, 2010, EURO-V, long haul|SAF|GAINS-IAM|End_Use_Transport_HDT_HLF|||||||||1.0000000000000004|
2023-12-10 17:25:30,115|emissions|INFO|updated|image|SSP2-Base|2020|transport, freight, lorry, diesel, 40t gross weight, 2010, EURO-V, long haul|STAN|GAINS-IAM|End_Use_Transport_HDT_HLF||||||0.9999999999999998||||
2023-12-10 17:25:30,117|emissions|INFO|updated|image|SSP2-Base|2020|transport, freight, lorry, diesel, 40t gross weight, 2010, EURO-V, long haul|TUR|GAINS-IAM|End_Use_Transport_HDT_HLF|||||||||1.0000000000000004|
2023-12-10 17:25:30,123|emissions|INFO|updated|image|SSP2-Base|2020|transport, freight, lorry, diesel, 40t gross weight, 2010, EURO-V, long haul|WAF|GAINS-IAM|End_Use_Transport_HDT_HLF|||||||||1.0000000000000004|
2023-12-10 17:25:30,125|emissions|INFO|updated|image|SSP2-Base|2020|transport, freight, lorry, diesel, 40t gross weight, 2010, EURO-V, long haul|WEU|GAINS-IAM|End_Use_Transport_HDT_HLF||||||0.9999999999999998||||
2023-12-10 17:25:30,451|emissions|INFO|updated|image|SSP2-Base|2020|clinker production|CEU|GAINS-IAM|CEMENT||||||1.0000000000000002|1.0000000000000004|||
2023-12-10 17:25:30,768|emissions|INFO|updated|image|SSP2-Base|2020|diesel, burned in building machine|BRA|GAINS-IAM|Power_Gen_HLF|||||1.0000000000000002|0.9999999999999999||||
2023-12-10 17:25:30,773|emissions|INFO|updated|image|SSP2-Base|2020|diesel, burned in building machine|CEU|GAINS-IAM|Power_Gen_HLF|||||||||1.0000000000000002|
2023-12-10 17:25:30,828|emissions|INFO|updated|image|SSP2-Base|2020|diesel, burned in diesel-electric generating set, 18.5kW|BRA|GAINS-IAM|Power_Gen_HLF|||||1.0000000000000002|0.9999999999999999||||
2023-12-10 17:25:30,832|emissions|INFO|updated|image|SSP2-Base|2020|diesel, burned in diesel-electric generating set, 18.5kW|CEU|GAINS-IAM|Power_Gen_HLF|||||||||1.0000000000000002|
2023-12-10 17:25:30,869|emissions|INFO|updated|image|SSP2-Base|2020|diesel, burned in diesel-electric generating set, 10MW|BRA|GAINS-IAM|Power_Gen_HLF|||||1.0000000000000002|0.9999999999999999||||
2023-12-10 17:25:30,873|emissions|INFO|updated|image|SSP2-Base|2020|diesel, burned in diesel-electric generating set, 10MW|CEU|GAINS-IAM|Power_Gen_HLF|||||||||1.0000000000000002|
2023-12-10 17:25:30,910|emissions|INFO|updated|image|SSP2-Base|2020|diesel, burned in agricultural machinery|BRA|GAINS-IAM|Power_Gen_HLF|||||1.0000000000000002|0.9999999999999999||||
2023-12-10 17:25:30,914|emissions|INFO|updated|image|SSP2-Base|2020|diesel, burned in agricultural machinery|CEU|GAINS-IAM|Power_Gen_HLF|||||||||1.0000000000000002|
2023-12-10 17:25:30,957|emissions|INFO|updated|image|SSP2-Base|2020|diesel, burned in diesel-electric generating set, at extraction site|BRA|GAINS-IAM|Power_Gen_HLF||||||0.9999999999999999||||
2023-12-10 17:25:30,973|emissions|INFO|updated|image|SSP2-Base|2020|diesel, burned in diesel-electric generating set|BRA|GAINS-IAM|Power_Gen_HLF|||||1.0000000000000002|0.9999999999999999||||
2023-12-10 17:25:30,975|emissions|INFO|updated|image|SSP2-Base|2020|diesel, burned in diesel-electric generating set|CEU|GAINS-IAM|Power_Gen_HLF|||||||||1.0000000000000002|
